-------------------
CSE247 Robot tester starts testing heaps on 2017-10-01 20:36:31 -0500

========
Testing in ./GradingRepos/repos/cse247-f17-students-yushu.liu: heaps as of 2017-09-28 12:30
========
Now in: /Users/tdelanuez/247f17/cse247-support/GradingRepos/repos/cse247-f17-students-yushu.liu
Your branch is up-to-date with 'origin/master'.
HEAD is now at 0f819c7 txt
Saved working directory and index state WIP on master: 0f819c7 txt
HEAD is now at 0f819c7 txt

Already up-to-date.
Going back in time to: 2017-09-28 12:30
At hash 0f819c74a6ce1ff3930e6d6ef913ae7b6518f216

Buildfile: /Users/tdelanuez/247f17/cse247-support/build.xml

copytest:
     [echo] would copy from /Users/roncytron/git/cse247-f17-students key yushu.liu testfilesource test/TestMinHeap package heaps repo ./GradingRepos/repos/cse247-f17-students-yushu.liu
Compiling the code
Buildfile: /Users/tdelanuez/247f17/cse247-support/build.xml

compile:
     [echo] Compiling heaps/MinHeap
    [mkdir] Created dir: /Users/tdelanuez/247f17/cse247-support/GradingRepos/repos/cse247-f17-students-yushu.liu/bin
    [javac] Compiling 1 source file to /Users/tdelanuez/247f17/cse247-support/GradingRepos/repos/cse247-f17-students-yushu.liu/bin

BUILD SUCCESSFUL
Total time: 2 seconds
Buildfile: /Users/tdelanuez/247f17/cse247-support/build.xml

compile:
     [echo] Compiling heaps/test/TestMinHeap
    [javac] Compiling 1 source file to /Users/tdelanuez/247f17/cse247-support/GradingRepos/repos/cse247-f17-students-yushu.liu/bin

BUILD SUCCESSFUL
Total time: 1 second
Running test test.TestMinHeap
Buildfile: /Users/tdelanuez/247f17/cse247-support/build.xml

test:
    [junit] Running heaps.test.TestMinHeap
    [junit] Testsuite: heaps.test.TestMinHeap
    [junit] Testing unique size 0
    [junit] done
    [junit] java.lang.Error: I found a null entry within the currently occupied portion of the heap, at index 1
    [junit] Testing unique size 1
    [junit] 	at heaps.validate.MinHeapValidator.checkForGaps(MinHeapValidator.java:113)
    [junit] ===== Failure report for testViaSorting(heaps.test.TestMinHeap) ========
    [junit] 	at heaps.validate.MinHeapValidator.check(MinHeapValidator.java:30)
    [junit] Failure message: Heap Validation Error (detail shown below):
    [junit] 	at heaps.test.TestMinHeap.sortTest(TestMinHeap.java:205)
    [junit] java.lang.Error: I found a null entry within the currently occupied portion of the heap, at index 1
    [junit] 	at heaps.test.TestMinHeap.testViaSorting(TestMinHeap.java:121)
    [junit] Tree before the problem occurred:
    [junit] 	at sun.reflect.NativeMethodAccessorImpl.invoke0(Native Method)
    [junit] 
    [junit] 	at sun.reflect.NativeMethodAccessorImpl.invoke(NativeMethodAccessorImpl.java:62)
    [junit] What went wrong: I found a null entry within the currently occupied portion of the heap, at index 1
    [junit] 	at sun.reflect.DelegatingMethodAccessorImpl.invoke(DelegatingMethodAccessorImpl.java:43)
    [junit] Tree that triggered this problem:
    [junit] 	at java.lang.reflect.Method.invoke(Method.java:498)
    [junit]  null
    [junit] 	at org.junit.runners.model.FrameworkMethod$1.runReflectiveCall(FrameworkMethod.java:50)
    [junit] 
    [junit] 	at org.junit.internal.runners.model.ReflectiveCallable.run(ReflectiveCallable.java:12)
    [junit] ===== End Failure report for testViaSorting(heaps.test.TestMinHeap) ========
    [junit] 	at org.junit.runners.model.FrameworkMethod.invokeExplosively(FrameworkMethod.java:47)
    [junit] 
    [junit] 	at org.junit.internal.runners.statements.InvokeMethod.evaluate(InvokeMethod.java:17)
    [junit] 
    [junit] 	at org.junit.rules.TestWatcher$1.evaluate(TestWatcher.java:55)
    [junit] Displaying a correct heap of 50 unique integers:
    [junit] 	at org.junit.rules.RunRules.evaluate(RunRules.java:20)
    [junit] ===== Failure report for testAndPrint(heaps.test.TestMinHeap) ========
    [junit] 	at org.junit.runners.ParentRunner.runLeaf(ParentRunner.java:325)
    [junit] Failure message: Heap Validation Error (detail shown below):
    [junit] 	at org.junit.runners.BlockJUnit4ClassRunner.runChild(BlockJUnit4ClassRunner.java:78)
    [junit] java.lang.Error: I found a null entry within the currently occupied portion of the heap, at index 1
    [junit] 	at org.junit.runners.BlockJUnit4ClassRunner.runChild(BlockJUnit4ClassRunner.java:57)
    [junit] Tree before the problem occurred:
    [junit] 	at org.junit.runners.ParentRunner$3.run(ParentRunner.java:290)
    [junit] 
    [junit] 	at org.junit.runners.ParentRunner$1.schedule(ParentRunner.java:71)
    [junit] What went wrong: I found a null entry within the currently occupied portion of the heap, at index 1
    [junit] 	at org.junit.runners.ParentRunner.runChildren(ParentRunner.java:288)
    [junit] Tree that triggered this problem:
    [junit] 	at org.junit.runners.ParentRunner.access$000(ParentRunner.java:58)
    [junit]  null
    [junit] 	at org.junit.runners.ParentRunner$2.evaluate(ParentRunner.java:268)
    [junit] 
    [junit] 	at org.junit.runners.ParentRunner.run(ParentRunner.java:363)
    [junit] ===== End Failure report for testAndPrint(heaps.test.TestMinHeap) ========
    [junit] 	at junit.framework.JUnit4TestAdapter.run(JUnit4TestAdapter.java:38)
    [junit] 
    [junit] 	at org.apache.tools.ant.taskdefs.optional.junit.JUnitTestRunner.run(JUnitTestRunner.java:535)
    [junit] 
    [junit] 	at org.apache.tools.ant.taskdefs.optional.junit.JUnitTestRunner.launch(JUnitTestRunner.java:1182)
    [junit] ===== Failure report for testExtractMin(heaps.test.TestMinHeap) ========
    [junit] Failure message: Heap Validation Error (detail shown below):
    [junit] 	at org.apache.tools.ant.taskdefs.optional.junit.JUnitTestRunner.main(JUnitTestRunner.java:1033)
    [junit] java.lang.Error: I found a null entry within the currently occupied portion of the heap, at index 1
    [junit] java.lang.Error: I found a null entry within the currently occupied portion of the heap, at index 1
    [junit] Tree before the problem occurred:
    [junit] 	at heaps.validate.MinHeapValidator.checkForGaps(MinHeapValidator.java:113)
    [junit] 
    [junit] 	at heaps.validate.MinHeapValidator.check(MinHeapValidator.java:30)
    [junit] What went wrong: I found a null entry within the currently occupied portion of the heap, at index 1
    [junit] 	at heaps.test.TestMinHeap.sortTest(TestMinHeap.java:205)
    [junit] Tree that triggered this problem:
    [junit] 	at heaps.test.TestMinHeap.testAndPrint(TestMinHeap.java:175)
    [junit]  null
    [junit] 	at sun.reflect.NativeMethodAccessorImpl.invoke0(Native Method)
    [junit] 
    [junit] 	at sun.reflect.NativeMethodAccessorImpl.invoke(NativeMethodAccessorImpl.java:62)
    [junit] ===== End Failure report for testExtractMin(heaps.test.TestMinHeap) ========
    [junit] 	at sun.reflect.DelegatingMethodAccessorImpl.invoke(DelegatingMethodAccessorImpl.java:43)
    [junit] 
    [junit] 	at java.lang.reflect.Method.invoke(Method.java:498)
    [junit] 
    [junit] 	at org.junit.runners.model.FrameworkMethod$1.runReflectiveCall(FrameworkMethod.java:50)
    [junit] ===== Failure report for testLocUpdatedHeapify(heaps.test.TestMinHeap) ========
    [junit] 	at org.junit.internal.runners.model.ReflectiveCallable.run(ReflectiveCallable.java:12)
    [junit] Failure message: Heap Validation Error (detail shown below):
    [junit] 	at org.junit.runners.model.FrameworkMethod.invokeExplosively(FrameworkMethod.java:47)
    [junit] java.lang.Error: I found a null entry within the currently occupied portion of the heap, at index 1
    [junit] 	at org.junit.internal.runners.statements.InvokeMethod.evaluate(InvokeMethod.java:17)
    [junit] Tree before the problem occurred:
    [junit] 	at org.junit.rules.TestWatcher$1.evaluate(TestWatcher.java:55)
    [junit] 	at org.junit.rules.RunRules.evaluate(RunRules.java:20)
    [junit] 
    [junit] 	at org.junit.runners.ParentRunner.runLeaf(ParentRunner.java:325)
    [junit] What went wrong: I found a null entry within the currently occupied portion of the heap, at index 1
    [junit] 	at org.junit.runners.BlockJUnit4ClassRunner.runChild(BlockJUnit4ClassRunner.java:78)
    [junit] Tree that triggered this problem:
    [junit] 	at org.junit.runners.BlockJUnit4ClassRunner.runChild(BlockJUnit4ClassRunner.java:57)
    [junit]  null
    [junit] 	at org.junit.runners.ParentRunner$3.run(ParentRunner.java:290)
    [junit] 
    [junit] 	at org.junit.runners.ParentRunner$1.schedule(ParentRunner.java:71)
    [junit] ===== End Failure report for testLocUpdatedHeapify(heaps.test.TestMinHeap) ========
    [junit] 	at org.junit.runners.ParentRunner.runChildren(ParentRunner.java:288)
    [junit] 
    [junit] 	at org.junit.runners.ParentRunner.access$000(ParentRunner.java:58)
    [junit] 
    [junit] 	at org.junit.runners.ParentRunner$2.evaluate(ParentRunner.java:268)
    [junit] ===== Failure report for testInsert(heaps.test.TestMinHeap) ========
    [junit] 	at org.junit.runners.ParentRunner.run(ParentRunner.java:363)
    [junit] Failure message: Heap Validation Error (detail shown below):
    [junit] 	at junit.framework.JUnit4TestAdapter.run(JUnit4TestAdapter.java:38)
    [junit] java.lang.Error: I found a null entry within the currently occupied portion of the heap, at index 1
    [junit] 	at org.apache.tools.ant.taskdefs.optional.junit.JUnitTestRunner.run(JUnitTestRunner.java:535)
    [junit] Tree before the problem occurred:
    [junit] 	at org.apache.tools.ant.taskdefs.optional.junit.JUnitTestRunner.launch(JUnitTestRunner.java:1182)
    [junit] 
    [junit] 	at org.apache.tools.ant.taskdefs.optional.junit.JUnitTestRunner.main(JUnitTestRunner.java:1033)
    [junit] What went wrong: I found a null entry within the currently occupied portion of the heap, at index 1
    [junit] java.lang.Error: I found a null entry within the currently occupied portion of the heap, at index 1
    [junit] Tree that triggered this problem:
    [junit] 	at heaps.validate.MinHeapValidator.checkForGaps(MinHeapValidator.java:113)
    [junit]  null
    [junit] 	at heaps.validate.MinHeapValidator.check(MinHeapValidator.java:30)
    [junit] 
    [junit] 	at heaps.test.TestMinHeap.testExtractMin(TestMinHeap.java:76)
    [junit] ===== End Failure report for testInsert(heaps.test.TestMinHeap) ========
    [junit] 	at sun.reflect.NativeMethodAccessorImpl.invoke0(Native Method)
    [junit] 
    [junit] 	at sun.reflect.NativeMethodAccessorImpl.invoke(NativeMethodAccessorImpl.java:62)
    [junit] 
    [junit] 	at sun.reflect.DelegatingMethodAccessorImpl.invoke(DelegatingMethodAccessorImpl.java:43)
    [junit] 	at java.lang.reflect.Method.invoke(Method.java:498)
    [junit] 	at org.junit.runners.model.FrameworkMethod$1.runReflectiveCall(FrameworkMethod.java:50)
    [junit] 	at org.junit.internal.runners.model.ReflectiveCallable.run(ReflectiveCallable.java:12)
    [junit] 	at org.junit.runners.model.FrameworkMethod.invokeExplosively(FrameworkMethod.java:47)
    [junit] 	at org.junit.internal.runners.statements.InvokeMethod.evaluate(InvokeMethod.java:17)
    [junit] 	at org.junit.rules.TestWatcher$1.evaluate(TestWatcher.java:55)
    [junit] 	at org.junit.rules.RunRules.evaluate(RunRules.java:20)
    [junit] 	at org.junit.runners.ParentRunner.runLeaf(ParentRunner.java:325)
    [junit] 	at org.junit.runners.BlockJUnit4ClassRunner.runChild(BlockJUnit4ClassRunner.java:78)
    [junit] 	at org.junit.runners.BlockJUnit4ClassRunner.runChild(BlockJUnit4ClassRunner.java:57)
    [junit] 	at org.junit.runners.ParentRunner$3.run(ParentRunner.java:290)
    [junit] 	at org.junit.runners.ParentRunner$1.schedule(ParentRunner.java:71)
    [junit] 	at org.junit.runners.ParentRunner.runChildren(ParentRunner.java:288)
    [junit] 	at org.junit.runners.ParentRunner.access$000(ParentRunner.java:58)
    [junit] 	at org.junit.runners.ParentRunner$2.evaluate(ParentRunner.java:268)
    [junit] 	at org.junit.runners.ParentRunner.run(ParentRunner.java:363)
    [junit] 	at junit.framework.JUnit4TestAdapter.run(JUnit4TestAdapter.java:38)
    [junit] 	at org.apache.tools.ant.taskdefs.optional.junit.JUnitTestRunner.run(JUnitTestRunner.java:535)
    [junit] 	at org.apache.tools.ant.taskdefs.optional.junit.JUnitTestRunner.launch(JUnitTestRunner.java:1182)
    [junit] 	at org.apache.tools.ant.taskdefs.optional.junit.JUnitTestRunner.main(JUnitTestRunner.java:1033)
    [junit] java.lang.Error: I found a null entry within the currently occupied portion of the heap, at index 1
    [junit] 	at heaps.validate.MinHeapValidator.checkForGaps(MinHeapValidator.java:113)
    [junit] 	at heaps.validate.MinHeapValidator.check(MinHeapValidator.java:30)
    [junit] 	at heaps.test.TestMinHeap.testLocUpdatedHeapify(TestMinHeap.java:160)
    [junit] 	at sun.reflect.NativeMethodAccessorImpl.invoke0(Native Method)
    [junit] 	at sun.reflect.NativeMethodAccessorImpl.invoke(NativeMethodAccessorImpl.java:62)
    [junit] 	at sun.reflect.DelegatingMethodAccessorImpl.invoke(DelegatingMethodAccessorImpl.java:43)
    [junit] 	at java.lang.reflect.Method.invoke(Method.java:498)
    [junit] 	at org.junit.runners.model.FrameworkMethod$1.runReflectiveCall(FrameworkMethod.java:50)
    [junit] 	at org.junit.internal.runners.model.ReflectiveCallable.run(ReflectiveCallable.java:12)
    [junit] 	at org.junit.runners.model.FrameworkMethod.invokeExplosively(FrameworkMethod.java:47)
    [junit] 	at org.junit.internal.runners.statements.InvokeMethod.evaluate(InvokeMethod.java:17)
    [junit] 	at org.junit.rules.TestWatcher$1.evaluate(TestWatcher.java:55)
    [junit] 	at org.junit.rules.RunRules.evaluate(RunRules.java:20)
    [junit] 	at org.junit.runners.ParentRunner.runLeaf(ParentRunner.java:325)
    [junit] 	at org.junit.runners.BlockJUnit4ClassRunner.runChild(BlockJUnit4ClassRunner.java:78)
    [junit] 	at org.junit.runners.BlockJUnit4ClassRunner.runChild(BlockJUnit4ClassRunner.java:57)
    [junit] 	at org.junit.runners.ParentRunner$3.run(ParentRunner.java:290)
    [junit] 	at org.junit.runners.ParentRunner$1.schedule(ParentRunner.java:71)
    [junit] 	at org.junit.runners.ParentRunner.runChildren(ParentRunner.java:288)
    [junit] 	at org.junit.runners.ParentRunner.access$000(ParentRunner.java:58)
    [junit] 	at org.junit.runners.ParentRunner$2.evaluate(ParentRunner.java:268)
    [junit] 	at org.junit.runners.ParentRunner.run(ParentRunner.java:363)
    [junit] 	at junit.framework.JUnit4TestAdapter.run(JUnit4TestAdapter.java:38)
    [junit] 	at org.apache.tools.ant.taskdefs.optional.junit.JUnitTestRunner.run(JUnitTestRunner.java:535)
    [junit] 	at org.apache.tools.ant.taskdefs.optional.junit.JUnitTestRunner.launch(JUnitTestRunner.java:1182)
    [junit] 	at org.apache.tools.ant.taskdefs.optional.junit.JUnitTestRunner.main(JUnitTestRunner.java:1033)
    [junit] java.lang.Error: I found a null entry within the currently occupied portion of the heap, at index 1
    [junit] 	at heaps.validate.MinHeapValidator.checkForGaps(MinHeapValidator.java:113)
    [junit] 	at heaps.validate.MinHeapValidator.check(MinHeapValidator.java:30)
    [junit] 	at heaps.test.TestMinHeap.testInsert(TestMinHeap.java:61)
    [junit] 	at sun.reflect.NativeMethodAccessorImpl.invoke0(Native Method)
    [junit] 	at sun.reflect.NativeMethodAccessorImpl.invoke(NativeMethodAccessorImpl.java:62)
    [junit] 	at sun.reflect.DelegatingMethodAccessorImpl.invoke(DelegatingMethodAccessorImpl.java:43)
    [junit] 	at java.lang.reflect.Method.invoke(Method.java:498)
    [junit] 	at org.junit.runners.model.FrameworkMethod$1.runReflectiveCall(FrameworkMethod.java:50)
    [junit] 	at org.junit.internal.runners.model.ReflectiveCallable.run(ReflectiveCallable.java:12)
    [junit] 	at org.junit.runners.model.FrameworkMethod.invokeExplosively(FrameworkMethod.java:47)
    [junit] 	at org.junit.internal.runners.statements.InvokeMethod.evaluate(InvokeMethod.java:17)
    [junit] 	at org.junit.rules.TestWatcher$1.evaluate(TestWatcher.java:55)
    [junit] 	at org.junit.rules.RunRules.evaluate(RunRules.java:20)
    [junit] 	at org.junit.runners.ParentRunner.runLeaf(ParentRunner.java:325)
    [junit] 	at org.junit.runners.BlockJUnit4ClassRunner.runChild(BlockJUnit4ClassRunner.java:78)
    [junit] 	at org.junit.runners.BlockJUnit4ClassRunner.runChild(BlockJUnit4ClassRunner.java:57)
    [junit] 	at org.junit.runners.ParentRunner$3.run(ParentRunner.java:290)
    [junit] 	at org.junit.runners.ParentRunner$1.schedule(ParentRunner.java:71)
    [junit] 	at org.junit.runners.ParentRunner.runChildren(ParentRunner.java:288)
    [junit] 	at org.junit.runners.ParentRunner.access$000(ParentRunner.java:58)
    [junit] 	at org.junit.runners.ParentRunner$2.evaluate(ParentRunner.java:268)
    [junit] 	at org.junit.runners.ParentRunner.run(ParentRunner.java:363)
    [junit] 	at junit.framework.JUnit4TestAdapter.run(JUnit4TestAdapter.java:38)
    [junit] 	at org.apache.tools.ant.taskdefs.optional.junit.JUnitTestRunner.run(JUnitTestRunner.java:535)
    [junit] 	at org.apache.tools.ant.taskdefs.optional.junit.JUnitTestRunner.launch(JUnitTestRunner.java:1182)
    [junit] 	at org.apache.tools.ant.taskdefs.optional.junit.JUnitTestRunner.main(JUnitTestRunner.java:1033)
    [junit] ===== Failure report for testUsingHeapSort(heaps.test.TestMinHeap) ========
    [junit] Failure message: java.lang.NullPointerException
    [junit] ===== End Failure report for testUsingHeapSort(heaps.test.TestMinHeap) ========
    [junit] 
    [junit] 
    [junit] ===== Failure report for testLocUpdatedDecrease(heaps.test.TestMinHeap) ========
    [junit] Failure message: Heap Validation Error (detail shown below):
    [junit] java.lang.Error: I found a null entry within the currently occupied portion of the heap, at index 1
    [junit] Tree before the problem occurred:
    [junit] 
    [junit] What went wrong: I found a null entry within the currently occupied portion of the heap, at index 1
    [junit] Tree that triggered this problem:
    [junit]  null
    [junit] 
    [junit] ===== End Failure report for testLocUpdatedDecrease(heaps.test.TestMinHeap) ========
    [junit] 
    [junit] 
    [junit] Tests run: 8, Failures: 0, Errors: 7, Skipped: 0, Time elapsed: 0.21 sec
    [junit] Output:
    [junit] Testing unique size 0
    [junit] done
    [junit] Testing unique size 1
    [junit] ===== Failure report for testViaSorting(heaps.test.TestMinHeap) ========
    [junit] Failure message: Heap Validation Error (detail shown below):
    [junit] java.lang.Error: I found a null entry within the currently occupied portion of the heap, at index 1
    [junit] Tree before the problem occurred:
    [junit] 
    [junit] What went wrong: I found a null entry within the currently occupied portion of the heap, at index 1
    [junit] java.lang.Error: I found a null entry within the currently occupied portion of the heap, at index 1
    [junit] Tree that triggered this problem:
    [junit]  null
    [junit] 	at heaps.validate.MinHeapValidator.checkForGaps(MinHeapValidator.java:113)
    [junit] 
    [junit] ===== End Failure report for testViaSorting(heaps.test.TestMinHeap) ========
    [junit] 
    [junit] 
    [junit] Displaying a correct heap of 50 unique integers:
    [junit] 	at heaps.validate.MinHeapValidator.check(MinHeapValidator.java:30)
    [junit] ===== Failure report for testAndPrint(heaps.test.TestMinHeap) ========
    [junit] 	at heaps.test.TestMinHeap.testLocUpdatedDecrease(TestMinHeap.java:140)
    [junit] Failure message: Heap Validation Error (detail shown below):
    [junit] 	at sun.reflect.NativeMethodAccessorImpl.invoke0(Native Method)
    [junit] java.lang.Error: I found a null entry within the currently occupied portion of the heap, at index 1
    [junit] 	at sun.reflect.NativeMethodAccessorImpl.invoke(NativeMethodAccessorImpl.java:62)
    [junit] Tree before the problem occurred:
    [junit] 
    [junit] What went wrong: I found a null entry within the currently occupied portion of the heap, at index 1
    [junit] Tree that triggered this problem:
    [junit]  null
    [junit] 
    [junit] ===== End Failure report for testAndPrint(heaps.test.TestMinHeap) ========
    [junit] 	at sun.reflect.DelegatingMethodAccessorImpl.invoke(DelegatingMethodAccessorImpl.java:43)
    [junit] 
    [junit] 
    [junit] ===== Failure report for testExtractMin(heaps.test.TestMinHeap) ========
    [junit] 	at java.lang.reflect.Method.invoke(Method.java:498)
    [junit] Failure message: Heap Validation Error (detail shown below):
    [junit] 	at org.junit.runners.model.FrameworkMethod$1.runReflectiveCall(FrameworkMethod.java:50)
    [junit] java.lang.Error: I found a null entry within the currently occupied portion of the heap, at index 1
    [junit] Tree before the problem occurred:
    [junit] 	at org.junit.internal.runners.model.ReflectiveCallable.run(ReflectiveCallable.java:12)
    [junit] 
    [junit] 	at org.junit.runners.model.FrameworkMethod.invokeExplosively(FrameworkMethod.java:47)
    [junit] What went wrong: I found a null entry within the currently occupied portion of the heap, at index 1
    [junit] Tree that triggered this problem:
    [junit] 	at org.junit.internal.runners.statements.InvokeMethod.evaluate(InvokeMethod.java:17)
    [junit]  null
    [junit] 
    [junit] 	at org.junit.rules.TestWatcher$1.evaluate(TestWatcher.java:55)
    [junit] ===== End Failure report for testExtractMin(heaps.test.TestMinHeap) ========
    [junit] 	at org.junit.rules.RunRules.evaluate(RunRules.java:20)
    [junit] 
    [junit] 	at org.junit.runners.ParentRunner.runLeaf(ParentRunner.java:325)
    [junit] 
    [junit] ===== Failure report for testLocUpdatedHeapify(heaps.test.TestMinHeap) ========
    [junit] Failure message: Heap Validation Error (detail shown below):
    [junit] java.lang.Error: I found a null entry within the currently occupied portion of the heap, at index 1
    [junit] Tree before the problem occurred:
    [junit] 
    [junit] What went wrong: I found a null entry within the currently occupied portion of the heap, at index 1
    [junit] Tree that triggered this problem:
    [junit]  null
    [junit] 
    [junit] ===== End Failure report for testLocUpdatedHeapify(heaps.test.TestMinHeap) ========
    [junit] 
    [junit] 
    [junit] ===== Failure report for testInsert(heaps.test.TestMinHeap) ========
    [junit] Failure message: Heap Validation Error (detail shown below):
    [junit] java.lang.Error: I found a null entry within the currently occupied portion of the heap, at index 1
    [junit] Tree before the problem occurred:
    [junit] 
    [junit] What went wrong: I found a null entry within the currently occupied portion of the heap, at index 1
    [junit] Tree that triggered this problem:
    [junit]  null
    [junit] 
    [junit] ===== End Failure report for testInsert(heaps.test.TestMinHeap) ========
    [junit] 
    [junit] 
    [junit] ===== Failure report for testUsingHeapSort(heaps.test.TestMinHeap) ========
    [junit] Failure message: java.lang.NullPointerException
    [junit] ===== End Failure report for testUsingHeapSort(heaps.test.TestMinHeap) ========
    [junit] 
    [junit] 
    [junit] ===== Failure report for testLocUpdatedDecrease(heaps.test.TestMinHeap) ========
    [junit] Failure message: Heap Validation Error (detail shown below):
    [junit] java.lang.Error: I found a null entry within the currently occupied portion of the heap, at index 1
    [junit] Tree before the problem occurred:
    [junit] 
    [junit] 	at org.junit.runners.BlockJUnit4ClassRunner.runChild(BlockJUnit4ClassRunner.java:78)
    [junit] What went wrong: I found a null entry within the currently occupied portion of the heap, at index 1
    [junit] 	at org.junit.runners.BlockJUnit4ClassRunner.runChild(BlockJUnit4ClassRunner.java:57)
    [junit] Tree that triggered this problem:
    [junit] 	at org.junit.runners.ParentRunner$3.run(ParentRunner.java:290)
    [junit]  null
    [junit] 
    [junit] ===== End Failure report for testLocUpdatedDecrease(heaps.test.TestMinHeap) ========
    [junit] 
    [junit] 
    [junit] 
    [junit] 	at org.junit.runners.ParentRunner$1.schedule(ParentRunner.java:71)
    [junit] Error: 
    [junit] 	at org.junit.runners.ParentRunner.runChildren(ParentRunner.java:288)
    [junit] java.lang.Error: I found a null entry within the currently occupied portion of the heap, at index 1
    [junit] 	at org.junit.runners.ParentRunner.access$000(ParentRunner.java:58)
    [junit] 	at heaps.validate.MinHeapValidator.checkForGaps(MinHeapValidator.java:113)
    [junit] 	at org.junit.runners.ParentRunner$2.evaluate(ParentRunner.java:268)
    [junit] 	at heaps.validate.MinHeapValidator.check(MinHeapValidator.java:30)
    [junit] 	at org.junit.runners.ParentRunner.run(ParentRunner.java:363)
    [junit] 	at heaps.test.TestMinHeap.sortTest(TestMinHeap.java:205)
    [junit] 	at junit.framework.JUnit4TestAdapter.run(JUnit4TestAdapter.java:38)
    [junit] 	at heaps.test.TestMinHeap.testViaSorting(TestMinHeap.java:121)
    [junit] 	at org.apache.tools.ant.taskdefs.optional.junit.JUnitTestRunner.run(JUnitTestRunner.java:535)
    [junit] 	at sun.reflect.NativeMethodAccessorImpl.invoke0(Native Method)
    [junit] 	at org.apache.tools.ant.taskdefs.optional.junit.JUnitTestRunner.launch(JUnitTestRunner.java:1182)
    [junit] 	at sun.reflect.NativeMethodAccessorImpl.invoke(NativeMethodAccessorImpl.java:62)
    [junit] 	at org.apache.tools.ant.taskdefs.optional.junit.JUnitTestRunner.main(JUnitTestRunner.java:1033)
    [junit] 	at sun.reflect.DelegatingMethodAccessorImpl.invoke(DelegatingMethodAccessorImpl.java:43)
    [junit] 	at java.lang.reflect.Method.invoke(Method.java:498)
    [junit] 	at org.junit.runners.model.FrameworkMethod$1.runReflectiveCall(FrameworkMethod.java:50)
    [junit] 	at org.junit.internal.runners.model.ReflectiveCallable.run(ReflectiveCallable.java:12)
    [junit] 	at org.junit.runners.model.FrameworkMethod.invokeExplosively(FrameworkMethod.java:47)
    [junit] 	at org.junit.internal.runners.statements.InvokeMethod.evaluate(InvokeMethod.java:17)
    [junit] 	at org.junit.rules.TestWatcher$1.evaluate(TestWatcher.java:55)
    [junit] 	at org.junit.rules.RunRules.evaluate(RunRules.java:20)
    [junit] 	at org.junit.runners.ParentRunner.runLeaf(ParentRunner.java:325)
    [junit] 	at org.junit.runners.BlockJUnit4ClassRunner.runChild(BlockJUnit4ClassRunner.java:78)
    [junit] 	at org.junit.runners.BlockJUnit4ClassRunner.runChild(BlockJUnit4ClassRunner.java:57)
    [junit] 	at org.junit.runners.ParentRunner$3.run(ParentRunner.java:290)
    [junit] 	at org.junit.runners.ParentRunner$1.schedule(ParentRunner.java:71)
    [junit] 	at org.junit.runners.ParentRunner.runChildren(ParentRunner.java:288)
    [junit] 	at org.junit.runners.ParentRunner.access$000(ParentRunner.java:58)
    [junit] 	at org.junit.runners.ParentRunner$2.evaluate(ParentRunner.java:268)
    [junit] 	at org.junit.runners.ParentRunner.run(ParentRunner.java:363)
    [junit] 	at junit.framework.JUnit4TestAdapter.run(JUnit4TestAdapter.java:38)
    [junit] 	at org.apache.tools.ant.taskdefs.optional.junit.JUnitTestRunner.run(JUnitTestRunner.java:535)
    [junit] 	at org.apache.tools.ant.taskdefs.optional.junit.JUnitTestRunner.launch(JUnitTestRunner.java:1182)
    [junit] 	at org.apache.tools.ant.taskdefs.optional.junit.JUnitTestRunner.main(JUnitTestRunner.java:1033)
    [junit] java.lang.Error: I found a null entry within the currently occupied portion of the heap, at index 1
    [junit] 	at heaps.validate.MinHeapValidator.checkForGaps(MinHeapValidator.java:113)
    [junit] 	at heaps.validate.MinHeapValidator.check(MinHeapValidator.java:30)
    [junit] 	at heaps.test.TestMinHeap.sortTest(TestMinHeap.java:205)
    [junit] 	at heaps.test.TestMinHeap.testAndPrint(TestMinHeap.java:175)
    [junit] 	at sun.reflect.NativeMethodAccessorImpl.invoke0(Native Method)
    [junit] 	at sun.reflect.NativeMethodAccessorImpl.invoke(NativeMethodAccessorImpl.java:62)
    [junit] 	at sun.reflect.DelegatingMethodAccessorImpl.invoke(DelegatingMethodAccessorImpl.java:43)
    [junit] 	at java.lang.reflect.Method.invoke(Method.java:498)
    [junit] 	at org.junit.runners.model.FrameworkMethod$1.runReflectiveCall(FrameworkMethod.java:50)
    [junit] 	at org.junit.internal.runners.model.ReflectiveCallable.run(ReflectiveCallable.java:12)
    [junit] 	at org.junit.runners.model.FrameworkMethod.invokeExplosively(FrameworkMethod.java:47)
    [junit] 	at org.junit.internal.runners.statements.InvokeMethod.evaluate(InvokeMethod.java:17)
    [junit] 	at org.junit.rules.TestWatcher$1.evaluate(TestWatcher.java:55)
    [junit] 	at org.junit.rules.RunRules.evaluate(RunRules.java:20)
    [junit] 	at org.junit.runners.ParentRunner.runLeaf(ParentRunner.java:325)
    [junit] 	at org.junit.runners.BlockJUnit4ClassRunner.runChild(BlockJUnit4ClassRunner.java:78)
    [junit] 	at org.junit.runners.BlockJUnit4ClassRunner.runChild(BlockJUnit4ClassRunner.java:57)
    [junit] 	at org.junit.runners.ParentRunner$3.run(ParentRunner.java:290)
    [junit] 	at org.junit.runners.ParentRunner$1.schedule(ParentRunner.java:71)
    [junit] 	at org.junit.runners.ParentRunner.runChildren(ParentRunner.java:288)
    [junit] 	at org.junit.runners.ParentRunner.access$000(ParentRunner.java:58)
    [junit] 	at org.junit.runners.ParentRunner$2.evaluate(ParentRunner.java:268)
    [junit] 	at org.junit.runners.ParentRunner.run(ParentRunner.java:363)
    [junit] 	at junit.framework.JUnit4TestAdapter.run(JUnit4TestAdapter.java:38)
    [junit] 	at org.apache.tools.ant.taskdefs.optional.junit.JUnitTestRunner.run(JUnitTestRunner.java:535)
    [junit] 	at org.apache.tools.ant.taskdefs.optional.junit.JUnitTestRunner.launch(JUnitTestRunner.java:1182)
    [junit] 	at org.apache.tools.ant.taskdefs.optional.junit.JUnitTestRunner.main(JUnitTestRunner.java:1033)
    [junit] java.lang.Error: I found a null entry within the currently occupied portion of the heap, at index 1
    [junit] 	at heaps.validate.MinHeapValidator.checkForGaps(MinHeapValidator.java:113)
    [junit] 	at heaps.validate.MinHeapValidator.check(MinHeapValidator.java:30)
    [junit] 	at heaps.test.TestMinHeap.testExtractMin(TestMinHeap.java:76)
    [junit] 	at sun.reflect.NativeMethodAccessorImpl.invoke0(Native Method)
    [junit] 	at sun.reflect.NativeMethodAccessorImpl.invoke(NativeMethodAccessorImpl.java:62)
    [junit] 	at sun.reflect.DelegatingMethodAccessorImpl.invoke(DelegatingMethodAccessorImpl.java:43)
    [junit] 	at java.lang.reflect.Method.invoke(Method.java:498)
    [junit] 	at org.junit.runners.model.FrameworkMethod$1.runReflectiveCall(FrameworkMethod.java:50)
    [junit] 	at org.junit.internal.runners.model.ReflectiveCallable.run(ReflectiveCallable.java:12)
    [junit] 	at org.junit.runners.model.FrameworkMethod.invokeExplosively(FrameworkMethod.java:47)
    [junit] 	at org.junit.internal.runners.statements.InvokeMethod.evaluate(InvokeMethod.java:17)
    [junit] 	at org.junit.rules.TestWatcher$1.evaluate(TestWatcher.java:55)
    [junit] 	at org.junit.rules.RunRules.evaluate(RunRules.java:20)
    [junit] 	at org.junit.runners.ParentRunner.runLeaf(ParentRunner.java:325)
    [junit] 	at org.junit.runners.BlockJUnit4ClassRunner.runChild(BlockJUnit4ClassRunner.java:78)
    [junit] 	at org.junit.runners.BlockJUnit4ClassRunner.runChild(BlockJUnit4ClassRunner.java:57)
    [junit] 	at org.junit.runners.ParentRunner$3.run(ParentRunner.java:290)
    [junit] 	at org.junit.runners.ParentRunner$1.schedule(ParentRunner.java:71)
    [junit] 	at org.junit.runners.ParentRunner.runChildren(ParentRunner.java:288)
    [junit] 	at org.junit.runners.ParentRunner.access$000(ParentRunner.java:58)
    [junit] 	at org.junit.runners.ParentRunner$2.evaluate(ParentRunner.java:268)
    [junit] 	at org.junit.runners.ParentRunner.run(ParentRunner.java:363)
    [junit] 	at junit.framework.JUnit4TestAdapter.run(JUnit4TestAdapter.java:38)
    [junit] 	at org.apache.tools.ant.taskdefs.optional.junit.JUnitTestRunner.run(JUnitTestRunner.java:535)
    [junit] 	at org.apache.tools.ant.taskdefs.optional.junit.JUnitTestRunner.launch(JUnitTestRunner.java:1182)
    [junit] 	at org.apache.tools.ant.taskdefs.optional.junit.JUnitTestRunner.main(JUnitTestRunner.java:1033)
    [junit] java.lang.Error: I found a null entry within the currently occupied portion of the heap, at index 1
    [junit] 	at heaps.validate.MinHeapValidator.checkForGaps(MinHeapValidator.java:113)
    [junit] 	at heaps.validate.MinHeapValidator.check(MinHeapValidator.java:30)
    [junit] 	at heaps.test.TestMinHeap.testLocUpdatedHeapify(TestMinHeap.java:160)
    [junit] 	at sun.reflect.NativeMethodAccessorImpl.invoke0(Native Method)
    [junit] 	at sun.reflect.NativeMethodAccessorImpl.invoke(NativeMethodAccessorImpl.java:62)
    [junit] 	at sun.reflect.DelegatingMethodAccessorImpl.invoke(DelegatingMethodAccessorImpl.java:43)
    [junit] 	at java.lang.reflect.Method.invoke(Method.java:498)
    [junit] 	at org.junit.runners.model.FrameworkMethod$1.runReflectiveCall(FrameworkMethod.java:50)
    [junit] 	at org.junit.internal.runners.model.ReflectiveCallable.run(ReflectiveCallable.java:12)
    [junit] 	at org.junit.runners.model.FrameworkMethod.invokeExplosively(FrameworkMethod.java:47)
    [junit] 	at org.junit.internal.runners.statements.InvokeMethod.evaluate(InvokeMethod.java:17)
    [junit] 	at org.junit.rules.TestWatcher$1.evaluate(TestWatcher.java:55)
    [junit] 	at org.junit.rules.RunRules.evaluate(RunRules.java:20)
    [junit] 	at org.junit.runners.ParentRunner.runLeaf(ParentRunner.java:325)
    [junit] 	at org.junit.runners.BlockJUnit4ClassRunner.runChild(BlockJUnit4ClassRunner.java:78)
    [junit] 	at org.junit.runners.BlockJUnit4ClassRunner.runChild(BlockJUnit4ClassRunner.java:57)
    [junit] 	at org.junit.runners.ParentRunner$3.run(ParentRunner.java:290)
    [junit] 	at org.junit.runners.ParentRunner$1.schedule(ParentRunner.java:71)
    [junit] 	at org.junit.runners.ParentRunner.runChildren(ParentRunner.java:288)
    [junit] 	at org.junit.runners.ParentRunner.access$000(ParentRunner.java:58)
    [junit] 	at org.junit.runners.ParentRunner$2.evaluate(ParentRunner.java:268)
    [junit] 	at org.junit.runners.ParentRunner.run(ParentRunner.java:363)
    [junit] 	at junit.framework.JUnit4TestAdapter.run(JUnit4TestAdapter.java:38)
    [junit] 	at org.apache.tools.ant.taskdefs.optional.junit.JUnitTestRunner.run(JUnitTestRunner.java:535)
    [junit] 	at org.apache.tools.ant.taskdefs.optional.junit.JUnitTestRunner.launch(JUnitTestRunner.java:1182)
    [junit] 	at org.apache.tools.ant.taskdefs.optional.junit.JUnitTestRunner.main(JUnitTestRunner.java:1033)
    [junit] java.lang.Error: I found a null entry within the currently occupied portion of the heap, at index 1
    [junit] 	at heaps.validate.MinHeapValidator.checkForGaps(MinHeapValidator.java:113)
    [junit] 	at heaps.validate.MinHeapValidator.check(MinHeapValidator.java:30)
    [junit] 	at heaps.test.TestMinHeap.testInsert(TestMinHeap.java:61)
    [junit] 	at sun.reflect.NativeMethodAccessorImpl.invoke0(Native Method)
    [junit] 	at sun.reflect.NativeMethodAccessorImpl.invoke(NativeMethodAccessorImpl.java:62)
    [junit] 	at sun.reflect.DelegatingMethodAccessorImpl.invoke(DelegatingMethodAccessorImpl.java:43)
    [junit] 	at java.lang.reflect.Method.invoke(Method.java:498)
    [junit] 	at org.junit.runners.model.FrameworkMethod$1.runReflectiveCall(FrameworkMethod.java:50)
    [junit] 	at org.junit.internal.runners.model.ReflectiveCallable.run(ReflectiveCallable.java:12)
    [junit] 	at org.junit.runners.model.FrameworkMethod.invokeExplosively(FrameworkMethod.java:47)
    [junit] 	at org.junit.internal.runners.statements.InvokeMethod.evaluate(InvokeMethod.java:17)
    [junit] 	at org.junit.rules.TestWatcher$1.evaluate(TestWatcher.java:55)
    [junit] 	at org.junit.rules.RunRules.evaluate(RunRules.java:20)
    [junit] 	at org.junit.runners.ParentRunner.runLeaf(ParentRunner.java:325)
    [junit] 	at org.junit.runners.BlockJUnit4ClassRunner.runChild(BlockJUnit4ClassRunner.java:78)
    [junit] 	at org.junit.runners.BlockJUnit4ClassRunner.runChild(BlockJUnit4ClassRunner.java:57)
    [junit] 	at org.junit.runners.ParentRunner$3.run(ParentRunner.java:290)
    [junit] 	at org.junit.runners.ParentRunner$1.schedule(ParentRunner.java:71)
    [junit] 	at org.junit.runners.ParentRunner.runChildren(ParentRunner.java:288)
    [junit] 	at org.junit.runners.ParentRunner.access$000(ParentRunner.java:58)
    [junit] 	at org.junit.runners.ParentRunner$2.evaluate(ParentRunner.java:268)
    [junit] 	at org.junit.runners.ParentRunner.run(ParentRunner.java:363)
    [junit] 	at junit.framework.JUnit4TestAdapter.run(JUnit4TestAdapter.java:38)
    [junit] 	at org.apache.tools.ant.taskdefs.optional.junit.JUnitTestRunner.run(JUnitTestRunner.java:535)
    [junit] 	at org.apache.tools.ant.taskdefs.optional.junit.JUnitTestRunner.launch(JUnitTestRunner.java:1182)
    [junit] 	at org.apache.tools.ant.taskdefs.optional.junit.JUnitTestRunner.main(JUnitTestRunner.java:1033)
    [junit] java.lang.Error: I found a null entry within the currently occupied portion of the heap, at index 1
    [junit] 	at heaps.validate.MinHeapValidator.checkForGaps(MinHeapValidator.java:113)
    [junit] 	at heaps.validate.MinHeapValidator.check(MinHeapValidator.java:30)
    [junit] 	at heaps.test.TestMinHeap.testLocUpdatedDecrease(TestMinHeap.java:140)
    [junit] 	at sun.reflect.NativeMethodAccessorImpl.invoke0(Native Method)
    [junit] 	at sun.reflect.NativeMethodAccessorImpl.invoke(NativeMethodAccessorImpl.java:62)
    [junit] 	at sun.reflect.DelegatingMethodAccessorImpl.invoke(DelegatingMethodAccessorImpl.java:43)
    [junit] 	at java.lang.reflect.Method.invoke(Method.java:498)
    [junit] 	at org.junit.runners.model.FrameworkMethod$1.runReflectiveCall(FrameworkMethod.java:50)
    [junit] 	at org.junit.internal.runners.model.ReflectiveCallable.run(ReflectiveCallable.java:12)
    [junit] 	at org.junit.runners.model.FrameworkMethod.invokeExplosively(FrameworkMethod.java:47)
    [junit] 	at org.junit.internal.runners.statements.InvokeMethod.evaluate(InvokeMethod.java:17)
    [junit] 	at org.junit.rules.TestWatcher$1.evaluate(TestWatcher.java:55)
    [junit] 	at org.junit.rules.RunRules.evaluate(RunRules.java:20)
    [junit] 	at org.junit.runners.ParentRunner.runLeaf(ParentRunner.java:325)
    [junit] 	at org.junit.runners.BlockJUnit4ClassRunner.runChild(BlockJUnit4ClassRunner.java:78)
    [junit] 	at org.junit.runners.BlockJUnit4ClassRunner.runChild(BlockJUnit4ClassRunner.java:57)
    [junit] 	at org.junit.runners.ParentRunner$3.run(ParentRunner.java:290)
    [junit] 	at org.junit.runners.ParentRunner$1.schedule(ParentRunner.java:71)
    [junit] 	at org.junit.runners.ParentRunner.runChildren(ParentRunner.java:288)
    [junit] 	at org.junit.runners.ParentRunner.access$000(ParentRunner.java:58)
    [junit] 	at org.junit.runners.ParentRunner$2.evaluate(ParentRunner.java:268)
    [junit] 	at org.junit.runners.ParentRunner.run(ParentRunner.java:363)
    [junit] 	at junit.framework.JUnit4TestAdapter.run(JUnit4TestAdapter.java:38)
    [junit] 	at org.apache.tools.ant.taskdefs.optional.junit.JUnitTestRunner.run(JUnitTestRunner.java:535)
    [junit] 	at org.apache.tools.ant.taskdefs.optional.junit.JUnitTestRunner.launch(JUnitTestRunner.java:1182)
    [junit] 	at org.apache.tools.ant.taskdefs.optional.junit.JUnitTestRunner.main(JUnitTestRunner.java:1033)
    [junit] 
    [junit] Tests run: 8, Failures: 0, Errors: 7, Skipped: 0, Time elapsed: 0.21 sec
    [junit] ------------- Standard Output ---------------
    [junit] Testing unique size 0
    [junit] done
    [junit] Testing unique size 1
    [junit] ===== Failure report for testViaSorting(heaps.test.TestMinHeap) ========
    [junit] Failure message: Heap Validation Error (detail shown below):
    [junit] java.lang.Error: I found a null entry within the currently occupied portion of the heap, at index 1
    [junit] Tree before the problem occurred:
    [junit] 
    [junit] What went wrong: I found a null entry within the currently occupied portion of the heap, at index 1
    [junit] Tree that triggered this problem:
    [junit]  null
    [junit] 
    [junit] ===== End Failure report for testViaSorting(heaps.test.TestMinHeap) ========
    [junit] 
    [junit] 
    [junit] Displaying a correct heap of 50 unique integers:
    [junit] ===== Failure report for testAndPrint(heaps.test.TestMinHeap) ========
    [junit] Failure message: Heap Validation Error (detail shown below):
    [junit] java.lang.Error: I found a null entry within the currently occupied portion of the heap, at index 1
    [junit] Tree before the problem occurred:
    [junit] 
    [junit] What went wrong: I found a null entry within the currently occupied portion of the heap, at index 1
    [junit] Tree that triggered this problem:
    [junit]  null
    [junit] 
    [junit] ===== End Failure report for testAndPrint(heaps.test.TestMinHeap) ========
    [junit] 
    [junit] 
    [junit] ===== Failure report for testExtractMin(heaps.test.TestMinHeap) ========
    [junit] Failure message: Heap Validation Error (detail shown below):
    [junit] java.lang.Error: I found a null entry within the currently occupied portion of the heap, at index 1
    [junit] Tree before the problem occurred:
    [junit] 
    [junit] What went wrong: I found a null entry within the currently occupied portion of the heap, at index 1
    [junit] Tree that triggered this problem:
    [junit]  null
    [junit] 
    [junit] ===== End Failure report for testExtractMin(heaps.test.TestMinHeap) ========
    [junit] 
    [junit] 
    [junit] ===== Failure report for testLocUpdatedHeapify(heaps.test.TestMinHeap) ========
    [junit] Failure message: Heap Validation Error (detail shown below):
    [junit] java.lang.Error: I found a null entry within the currently occupied portion of the heap, at index 1
    [junit] Tree before the problem occurred:
    [junit] 
    [junit] What went wrong: I found a null entry within the currently occupied portion of the heap, at index 1
    [junit] Tree that triggered this problem:
    [junit]  null
    [junit] 
    [junit] ===== End Failure report for testLocUpdatedHeapify(heaps.test.TestMinHeap) ========
    [junit] 
    [junit] 
    [junit] ===== Failure report for testInsert(heaps.test.TestMinHeap) ========
    [junit] Failure message: Heap Validation Error (detail shown below):
    [junit] java.lang.Error: I found a null entry within the currently occupied portion of the heap, at index 1
    [junit] Tree before the problem occurred:
    [junit] 
    [junit] What went wrong: I found a null entry within the currently occupied portion of the heap, at index 1
    [junit] Tree that triggered this problem:
    [junit]  null
    [junit] 
    [junit] ===== End Failure report for testInsert(heaps.test.TestMinHeap) ========
    [junit] 
    [junit] 
    [junit] ===== Failure report for testUsingHeapSort(heaps.test.TestMinHeap) ========
    [junit] Failure message: java.lang.NullPointerException
    [junit] ===== End Failure report for testUsingHeapSort(heaps.test.TestMinHeap) ========
    [junit] 
    [junit] 
    [junit] ===== Failure report for testLocUpdatedDecrease(heaps.test.TestMinHeap) ========
    [junit] Failure message: Heap Validation Error (detail shown below):
    [junit] java.lang.Error: I found a null entry within the currently occupied portion of the heap, at index 1
    [junit] Tree before the problem occurred:
    [junit] 
    [junit] What went wrong: I found a null entry within the currently occupied portion of the heap, at index 1
    [junit] Tree that triggered this problem:
    [junit]  null
    [junit] 
    [junit] ===== End Failure report for testLocUpdatedDecrease(heaps.test.TestMinHeap) ========
    [junit] 
    [junit] 
    [junit] ------------- ---------------- ---------------
    [junit] ------------- Standard Error -----------------
    [junit] java.lang.Error: I found a null entry within the currently occupied portion of the heap, at index 1
    [junit] 	at heaps.validate.MinHeapValidator.checkForGaps(MinHeapValidator.java:113)
    [junit] 	at heaps.validate.MinHeapValidator.check(MinHeapValidator.java:30)
    [junit] 	at heaps.test.TestMinHeap.sortTest(TestMinHeap.java:205)
    [junit] 	at heaps.test.TestMinHeap.testViaSorting(TestMinHeap.java:121)
    [junit] 	at sun.reflect.NativeMethodAccessorImpl.invoke0(Native Method)
    [junit] 	at sun.reflect.NativeMethodAccessorImpl.invoke(NativeMethodAccessorImpl.java:62)
    [junit] 	at sun.reflect.DelegatingMethodAccessorImpl.invoke(DelegatingMethodAccessorImpl.java:43)
    [junit] 	at java.lang.reflect.Method.invoke(Method.java:498)
    [junit] 	at org.junit.runners.model.FrameworkMethod$1.runReflectiveCall(FrameworkMethod.java:50)
    [junit] 	at org.junit.internal.runners.model.ReflectiveCallable.run(ReflectiveCallable.java:12)
    [junit] 	at org.junit.runners.model.FrameworkMethod.invokeExplosively(FrameworkMethod.java:47)
    [junit] 	at org.junit.internal.runners.statements.InvokeMethod.evaluate(InvokeMethod.java:17)
    [junit] 	at org.junit.rules.TestWatcher$1.evaluate(TestWatcher.java:55)
    [junit] 	at org.junit.rules.RunRules.evaluate(RunRules.java:20)
    [junit] 	at org.junit.runners.ParentRunner.runLeaf(ParentRunner.java:325)
    [junit] 	at org.junit.runners.BlockJUnit4ClassRunner.runChild(BlockJUnit4ClassRunner.java:78)
    [junit] 	at org.junit.runners.BlockJUnit4ClassRunner.runChild(BlockJUnit4ClassRunner.java:57)
    [junit] 	at org.junit.runners.ParentRunner$3.run(ParentRunner.java:290)
    [junit] 	at org.junit.runners.ParentRunner$1.schedule(ParentRunner.java:71)
    [junit] 	at org.junit.runners.ParentRunner.runChildren(ParentRunner.java:288)
    [junit] 	at org.junit.runners.ParentRunner.access$000(ParentRunner.java:58)
    [junit] 	at org.junit.runners.ParentRunner$2.evaluate(ParentRunner.java:268)
    [junit] 	at org.junit.runners.ParentRunner.run(ParentRunner.java:363)
    [junit] 	at junit.framework.JUnit4TestAdapter.run(JUnit4TestAdapter.java:38)
    [junit] 	at org.apache.tools.ant.taskdefs.optional.junit.JUnitTestRunner.run(JUnitTestRunner.java:535)
    [junit] 	at org.apache.tools.ant.taskdefs.optional.junit.JUnitTestRunner.launch(JUnitTestRunner.java:1182)
    [junit] 	at org.apache.tools.ant.taskdefs.optional.junit.JUnitTestRunner.main(JUnitTestRunner.java:1033)
    [junit] java.lang.Error: I found a null entry within the currently occupied portion of the heap, at index 1
    [junit] 	at heaps.validate.MinHeapValidator.checkForGaps(MinHeapValidator.java:113)
    [junit] 	at heaps.validate.MinHeapValidator.check(MinHeapValidator.java:30)
    [junit] 	at heaps.test.TestMinHeap.sortTest(TestMinHeap.java:205)
    [junit] 	at heaps.test.TestMinHeap.testAndPrint(TestMinHeap.java:175)
    [junit] 	at sun.reflect.NativeMethodAccessorImpl.invoke0(Native Method)
    [junit] 	at sun.reflect.NativeMethodAccessorImpl.invoke(NativeMethodAccessorImpl.java:62)
    [junit] 	at sun.reflect.DelegatingMethodAccessorImpl.invoke(DelegatingMethodAccessorImpl.java:43)
    [junit] 	at java.lang.reflect.Method.invoke(Method.java:498)
    [junit] 	at org.junit.runners.model.FrameworkMethod$1.runReflectiveCall(FrameworkMethod.java:50)
    [junit] 	at org.junit.internal.runners.model.ReflectiveCallable.run(ReflectiveCallable.java:12)
    [junit] 	at org.junit.runners.model.FrameworkMethod.invokeExplosively(FrameworkMethod.java:47)
    [junit] 	at org.junit.internal.runners.statements.InvokeMethod.evaluate(InvokeMethod.java:17)
    [junit] 	at org.junit.rules.TestWatcher$1.evaluate(TestWatcher.java:55)
    [junit] 	at org.junit.rules.RunRules.evaluate(RunRules.java:20)
    [junit] 	at org.junit.runners.ParentRunner.runLeaf(ParentRunner.java:325)
    [junit] 	at org.junit.runners.BlockJUnit4ClassRunner.runChild(BlockJUnit4ClassRunner.java:78)
    [junit] 	at org.junit.runners.BlockJUnit4ClassRunner.runChild(BlockJUnit4ClassRunner.java:57)
    [junit] 	at org.junit.runners.ParentRunner$3.run(ParentRunner.java:290)
    [junit] 	at org.junit.runners.ParentRunner$1.schedule(ParentRunner.java:71)
    [junit] 	at org.junit.runners.ParentRunner.runChildren(ParentRunner.java:288)
    [junit] 	at org.junit.runners.ParentRunner.access$000(ParentRunner.java:58)
    [junit] 	at org.junit.runners.ParentRunner$2.evaluate(ParentRunner.java:268)
    [junit] 	at org.junit.runners.ParentRunner.run(ParentRunner.java:363)
    [junit] 	at junit.framework.JUnit4TestAdapter.run(JUnit4TestAdapter.java:38)
    [junit] 	at org.apache.tools.ant.taskdefs.optional.junit.JUnitTestRunner.run(JUnitTestRunner.java:535)
    [junit] 	at org.apache.tools.ant.taskdefs.optional.junit.JUnitTestRunner.launch(JUnitTestRunner.java:1182)
    [junit] 	at org.apache.tools.ant.taskdefs.optional.junit.JUnitTestRunner.main(JUnitTestRunner.java:1033)
    [junit] java.lang.Error: I found a null entry within the currently occupied portion of the heap, at index 1
    [junit] 	at heaps.validate.MinHeapValidator.checkForGaps(MinHeapValidator.java:113)
    [junit] 	at heaps.validate.MinHeapValidator.check(MinHeapValidator.java:30)
    [junit] 	at heaps.test.TestMinHeap.testExtractMin(TestMinHeap.java:76)
    [junit] 	at sun.reflect.NativeMethodAccessorImpl.invoke0(Native Method)
    [junit] 	at sun.reflect.NativeMethodAccessorImpl.invoke(NativeMethodAccessorImpl.java:62)
    [junit] 	at sun.reflect.DelegatingMethodAccessorImpl.invoke(DelegatingMethodAccessorImpl.java:43)
    [junit] 	at java.lang.reflect.Method.invoke(Method.java:498)
    [junit] 	at org.junit.runners.model.FrameworkMethod$1.runReflectiveCall(FrameworkMethod.java:50)
    [junit] 	at org.junit.internal.runners.model.ReflectiveCallable.run(ReflectiveCallable.java:12)
    [junit] 	at org.junit.runners.model.FrameworkMethod.invokeExplosively(FrameworkMethod.java:47)
    [junit] 	at org.junit.internal.runners.statements.InvokeMethod.evaluate(InvokeMethod.java:17)
    [junit] 	at org.junit.rules.TestWatcher$1.evaluate(TestWatcher.java:55)
    [junit] 	at org.junit.rules.RunRules.evaluate(RunRules.java:20)
    [junit] 	at org.junit.runners.ParentRunner.runLeaf(ParentRunner.java:325)
    [junit] 	at org.junit.runners.BlockJUnit4ClassRunner.runChild(BlockJUnit4ClassRunner.java:78)
    [junit] 	at org.junit.runners.BlockJUnit4ClassRunner.runChild(BlockJUnit4ClassRunner.java:57)
    [junit] 	at org.junit.runners.ParentRunner$3.run(ParentRunner.java:290)
    [junit] 	at org.junit.runners.ParentRunner$1.schedule(ParentRunner.java:71)
    [junit] 	at org.junit.runners.ParentRunner.runChildren(ParentRunner.java:288)
    [junit] 	at org.junit.runners.ParentRunner.access$000(ParentRunner.java:58)
    [junit] 	at org.junit.runners.ParentRunner$2.evaluate(ParentRunner.java:268)
    [junit] 	at org.junit.runners.ParentRunner.run(ParentRunner.java:363)
    [junit] 	at junit.framework.JUnit4TestAdapter.run(JUnit4TestAdapter.java:38)
    [junit] 	at org.apache.tools.ant.taskdefs.optional.junit.JUnitTestRunner.run(JUnitTestRunner.java:535)
    [junit] 	at org.apache.tools.ant.taskdefs.optional.junit.JUnitTestRunner.launch(JUnitTestRunner.java:1182)
    [junit] 	at org.apache.tools.ant.taskdefs.optional.junit.JUnitTestRunner.main(JUnitTestRunner.java:1033)
    [junit] java.lang.Error: I found a null entry within the currently occupied portion of the heap, at index 1
    [junit] 	at heaps.validate.MinHeapValidator.checkForGaps(MinHeapValidator.java:113)
    [junit] 	at heaps.validate.MinHeapValidator.check(MinHeapValidator.java:30)
    [junit] 	at heaps.test.TestMinHeap.testLocUpdatedHeapify(TestMinHeap.java:160)
    [junit] 	at sun.reflect.NativeMethodAccessorImpl.invoke0(Native Method)
    [junit] 	at sun.reflect.NativeMethodAccessorImpl.invoke(NativeMethodAccessorImpl.java:62)
    [junit] 	at sun.reflect.DelegatingMethodAccessorImpl.invoke(DelegatingMethodAccessorImpl.java:43)
    [junit] 	at java.lang.reflect.Method.invoke(Method.java:498)
    [junit] 	at org.junit.runners.model.FrameworkMethod$1.runReflectiveCall(FrameworkMethod.java:50)
    [junit] 	at org.junit.internal.runners.model.ReflectiveCallable.run(ReflectiveCallable.java:12)
    [junit] 	at org.junit.runners.model.FrameworkMethod.invokeExplosively(FrameworkMethod.java:47)
    [junit] 	at org.junit.internal.runners.statements.InvokeMethod.evaluate(InvokeMethod.java:17)
    [junit] 	at org.junit.rules.TestWatcher$1.evaluate(TestWatcher.java:55)
    [junit] 	at org.junit.rules.RunRules.evaluate(RunRules.java:20)
    [junit] 	at org.junit.runners.ParentRunner.runLeaf(ParentRunner.java:325)
    [junit] 	at org.junit.runners.BlockJUnit4ClassRunner.runChild(BlockJUnit4ClassRunner.java:78)
    [junit] 	at org.junit.runners.BlockJUnit4ClassRunner.runChild(BlockJUnit4ClassRunner.java:57)
    [junit] 	at org.junit.runners.ParentRunner$3.run(ParentRunner.java:290)
    [junit] 	at org.junit.runners.ParentRunner$1.schedule(ParentRunner.java:71)
    [junit] 	at org.junit.runners.ParentRunner.runChildren(ParentRunner.java:288)
    [junit] 	at org.junit.runners.ParentRunner.access$000(ParentRunner.java:58)
    [junit] 	at org.junit.runners.ParentRunner$2.evaluate(ParentRunner.java:268)
    [junit] 	at org.junit.runners.ParentRunner.run(ParentRunner.java:363)
    [junit] 	at junit.framework.JUnit4TestAdapter.run(JUnit4TestAdapter.java:38)
    [junit] 	at org.apache.tools.ant.taskdefs.optional.junit.JUnitTestRunner.run(JUnitTestRunner.java:535)
    [junit] 	at org.apache.tools.ant.taskdefs.optional.junit.JUnitTestRunner.launch(JUnitTestRunner.java:1182)
    [junit] 	at org.apache.tools.ant.taskdefs.optional.junit.JUnitTestRunner.main(JUnitTestRunner.java:1033)
    [junit] java.lang.Error: I found a null entry within the currently occupied portion of the heap, at index 1
    [junit] 	at heaps.validate.MinHeapValidator.checkForGaps(MinHeapValidator.java:113)
    [junit] 	at heaps.validate.MinHeapValidator.check(MinHeapValidator.java:30)
    [junit] 	at heaps.test.TestMinHeap.testInsert(TestMinHeap.java:61)
    [junit] 	at sun.reflect.NativeMethodAccessorImpl.invoke0(Native Method)
    [junit] 	at sun.reflect.NativeMethodAccessorImpl.invoke(NativeMethodAccessorImpl.java:62)
    [junit] 	at sun.reflect.DelegatingMethodAccessorImpl.invoke(DelegatingMethodAccessorImpl.java:43)
    [junit] 	at java.lang.reflect.Method.invoke(Method.java:498)
    [junit] 	at org.junit.runners.model.FrameworkMethod$1.runReflectiveCall(FrameworkMethod.java:50)
    [junit] 	at org.junit.internal.runners.model.ReflectiveCallable.run(ReflectiveCallable.java:12)
    [junit] 	at org.junit.runners.model.FrameworkMethod.invokeExplosively(FrameworkMethod.java:47)
    [junit] 	at org.junit.internal.runners.statements.InvokeMethod.evaluate(InvokeMethod.java:17)
    [junit] 	at org.junit.rules.TestWatcher$1.evaluate(TestWatcher.java:55)
    [junit] 	at org.junit.rules.RunRules.evaluate(RunRules.java:20)
    [junit] 	at org.junit.runners.ParentRunner.runLeaf(ParentRunner.java:325)
    [junit] 	at org.junit.runners.BlockJUnit4ClassRunner.runChild(BlockJUnit4ClassRunner.java:78)
    [junit] 	at org.junit.runners.BlockJUnit4ClassRunner.runChild(BlockJUnit4ClassRunner.java:57)
    [junit] 	at org.junit.runners.ParentRunner$3.run(ParentRunner.java:290)
    [junit] 	at org.junit.runners.ParentRunner$1.schedule(ParentRunner.java:71)
    [junit] 	at org.junit.runners.ParentRunner.runChildren(ParentRunner.java:288)
    [junit] 	at org.junit.runners.ParentRunner.access$000(ParentRunner.java:58)
    [junit] 	at org.junit.runners.ParentRunner$2.evaluate(ParentRunner.java:268)
    [junit] 	at org.junit.runners.ParentRunner.run(ParentRunner.java:363)
    [junit] 	at junit.framework.JUnit4TestAdapter.run(JUnit4TestAdapter.java:38)
    [junit] 	at org.apache.tools.ant.taskdefs.optional.junit.JUnitTestRunner.run(JUnitTestRunner.java:535)
    [junit] 	at org.apache.tools.ant.taskdefs.optional.junit.JUnitTestRunner.launch(JUnitTestRunner.java:1182)
    [junit] 	at org.apache.tools.ant.taskdefs.optional.junit.JUnitTestRunner.main(JUnitTestRunner.java:1033)
    [junit] java.lang.Error: I found a null entry within the currently occupied portion of the heap, at index 1
    [junit] 	at heaps.validate.MinHeapValidator.checkForGaps(MinHeapValidator.java:113)
    [junit] 	at heaps.validate.MinHeapValidator.check(MinHeapValidator.java:30)
    [junit] 	at heaps.test.TestMinHeap.testLocUpdatedDecrease(TestMinHeap.java:140)
    [junit] 	at sun.reflect.NativeMethodAccessorImpl.invoke0(Native Method)
    [junit] 	at sun.reflect.NativeMethodAccessorImpl.invoke(NativeMethodAccessorImpl.java:62)
    [junit] 	at sun.reflect.DelegatingMethodAccessorImpl.invoke(DelegatingMethodAccessorImpl.java:43)
    [junit] 	at java.lang.reflect.Method.invoke(Method.java:498)
    [junit] 	at org.junit.runners.model.FrameworkMethod$1.runReflectiveCall(FrameworkMethod.java:50)
    [junit] 	at org.junit.internal.runners.model.ReflectiveCallable.run(ReflectiveCallable.java:12)
    [junit] 	at org.junit.runners.model.FrameworkMethod.invokeExplosively(FrameworkMethod.java:47)
    [junit] 	at org.junit.internal.runners.statements.InvokeMethod.evaluate(InvokeMethod.java:17)
    [junit] 	at org.junit.rules.TestWatcher$1.evaluate(TestWatcher.java:55)
    [junit] 	at org.junit.rules.RunRules.evaluate(RunRules.java:20)
    [junit] 	at org.junit.runners.ParentRunner.runLeaf(ParentRunner.java:325)
    [junit] 	at org.junit.runners.BlockJUnit4ClassRunner.runChild(BlockJUnit4ClassRunner.java:78)
    [junit] 	at org.junit.runners.BlockJUnit4ClassRunner.runChild(BlockJUnit4ClassRunner.java:57)
    [junit] 	at org.junit.runners.ParentRunner$3.run(ParentRunner.java:290)
    [junit] 	at org.junit.runners.ParentRunner$1.schedule(ParentRunner.java:71)
    [junit] 	at org.junit.runners.ParentRunner.runChildren(ParentRunner.java:288)
    [junit] 	at org.junit.runners.ParentRunner.access$000(ParentRunner.java:58)
    [junit] 	at org.junit.runners.ParentRunner$2.evaluate(ParentRunner.java:268)
    [junit] 	at org.junit.runners.ParentRunner.run(ParentRunner.java:363)
    [junit] 	at junit.framework.JUnit4TestAdapter.run(JUnit4TestAdapter.java:38)
    [junit] 	at org.apache.tools.ant.taskdefs.optional.junit.JUnitTestRunner.run(JUnitTestRunner.java:535)
    [junit] 	at org.apache.tools.ant.taskdefs.optional.junit.JUnitTestRunner.launch(JUnitTestRunner.java:1182)
    [junit] 	at org.apache.tools.ant.taskdefs.optional.junit.JUnitTestRunner.main(JUnitTestRunner.java:1033)
    [junit] ------------- ---------------- ---------------
    [junit] 
    [junit] Testcase: testViaSorting took 0.012 sec
    [junit] 	Caused an ERROR
    [junit] null
    [junit] Heap Validation Error (detail shown below):
    [junit] java.lang.Error: I found a null entry within the currently occupied portion of the heap, at index 1
    [junit] Tree before the problem occurred:
    [junit] 
    [junit] What went wrong: I found a null entry within the currently occupied portion of the heap, at index 1
    [junit] Tree that triggered this problem:
    [junit]  null
    [junit] 
    [junit] 	at heaps.validate.MinHeapValidator.check(MinHeapValidator.java:43)
    [junit] 	at heaps.test.TestMinHeap.sortTest(TestMinHeap.java:205)
    [junit] 	at heaps.test.TestMinHeap.testViaSorting(TestMinHeap.java:121)
    [junit] 
    [junit] Testcase: testEmptyHeap took 0 sec
    [junit] Testcase: testAndPrint took 0.002 sec
    [junit] 	Caused an ERROR
    [junit] null
    [junit] Heap Validation Error (detail shown below):
    [junit] java.lang.Error: I found a null entry within the currently occupied portion of the heap, at index 1
    [junit] Tree before the problem occurred:
    [junit] 
    [junit] What went wrong: I found a null entry within the currently occupied portion of the heap, at index 1
    [junit] Tree that triggered this problem:
    [junit]  null
    [junit] 
    [junit] 	at heaps.validate.MinHeapValidator.check(MinHeapValidator.java:43)
    [junit] 	at heaps.test.TestMinHeap.sortTest(TestMinHeap.java:205)
    [junit] 	at heaps.test.TestMinHeap.testAndPrint(TestMinHeap.java:175)
    [junit] 
    [junit] Testcase: testExtractMin took 0.001 sec
    [junit] 	Caused an ERROR
    [junit] null
    [junit] Heap Validation Error (detail shown below):
    [junit] java.lang.Error: I found a null entry within the currently occupied portion of the heap, at index 1
    [junit] Tree before the problem occurred:
    [junit] 
    [junit] What went wrong: I found a null entry within the currently occupied portion of the heap, at index 1
    [junit] Tree that triggered this problem:
    [junit]  null
    [junit] 
    [junit] 	at heaps.validate.MinHeapValidator.check(MinHeapValidator.java:43)
    [junit] 	at heaps.test.TestMinHeap.testExtractMin(TestMinHeap.java:76)
    [junit] 
    [junit] Testcase: testLocUpdatedHeapify took 0.012 sec
    [junit] 	Caused an ERROR
    [junit] null
    [junit] Heap Validation Error (detail shown below):
    [junit] java.lang.Error: I found a null entry within the currently occupied portion of the heap, at index 1
    [junit] Tree before the problem occurred:
    [junit] 
    [junit] What went wrong: I found a null entry within the currently occupied portion of the heap, at index 1
    [junit] Tree that triggered this problem:
    [junit]  null
    [junit] 
    [junit] 	at heaps.validate.MinHeapValidator.check(MinHeapValidator.java:43)
    [junit] 	at heaps.test.TestMinHeap.testLocUpdatedHeapify(TestMinHeap.java:160)
    [junit] 
    [junit] Testcase: testInsert took 0.002 sec
    [junit] 	Caused an ERROR
    [junit] null
    [junit] Heap Validation Error (detail shown below):
    [junit] java.lang.Error: I found a null entry within the currently occupied portion of the heap, at index 1
    [junit] Tree before the problem occurred:
    [junit] 
    [junit] What went wrong: I found a null entry within the currently occupied portion of the heap, at index 1
    [junit] Tree that triggered this problem:
    [junit]  null
    [junit] 
    [junit] 	at heaps.validate.MinHeapValidator.check(MinHeapValidator.java:43)
    [junit] 	at heaps.test.TestMinHeap.testInsert(TestMinHeap.java:61)
    [junit] 
    [junit] Testcase: testUsingHeapSort took 0.138 sec
    [junit] 	Caused an ERROR
    [junit] null
    [junit] java.lang.NullPointerException
    [junit] 	at heaps.MinHeap.extractMin(MinHeap.java:113)
    [junit] 	at heaps.HeapSort.run(HeapSort.java:30)
    [junit] 	at heaps.test.TestMinHeap.testUsingHeapSort(TestMinHeap.java:97)
    [junit] 
    [junit] Testcase: testLocUpdatedDecrease took 0.003 sec
    [junit] 	Caused an ERROR
    [junit] null
    [junit] Heap Validation Error (detail shown below):
    [junit] java.lang.Error: I found a null entry within the currently occupied portion of the heap, at index 1
    [junit] Tree before the problem occurred:
    [junit] 
    [junit] What went wrong: I found a null entry within the currently occupied portion of the heap, at index 1
    [junit] Tree that triggered this problem:
    [junit]  null
    [junit] 
    [junit] 	at heaps.validate.MinHeapValidator.check(MinHeapValidator.java:43)
    [junit] 	at heaps.test.TestMinHeap.testLocUpdatedDecrease(TestMinHeap.java:140)
    [junit] 

BUILD FAILED
/Users/tdelanuez/247f17/cse247-support/build.xml:34: Test heaps.test.TestMinHeap failed

Total time: 1 second
========
Testing in ./GradingRepos/repos/cse247-f17-students-yushu.liu: heaps as of 2017-10-05 12:30
========
Now in: /Users/tdelanuez/247f17/cse247-support/GradingRepos/repos/cse247-f17-students-yushu.liu
Your branch is up-to-date with 'origin/master'.
HEAD is now at 0f819c7 txt
No local changes to save

Already up-to-date.
Going back in time to: 2017-10-05 12:30
At hash 0f819c74a6ce1ff3930e6d6ef913ae7b6518f216

Buildfile: /Users/tdelanuez/247f17/cse247-support/build.xml

copytest:
     [echo] would copy from /Users/roncytron/git/cse247-f17-students key yushu.liu testfilesource test/TestMinHeap package heaps repo ./GradingRepos/repos/cse247-f17-students-yushu.liu
Compiling the code
Buildfile: /Users/tdelanuez/247f17/cse247-support/build.xml

compile:
     [echo] Compiling heaps/MinHeap
    [mkdir] Created dir: /Users/tdelanuez/247f17/cse247-support/GradingRepos/repos/cse247-f17-students-yushu.liu/bin
    [javac] Compiling 1 source file to /Users/tdelanuez/247f17/cse247-support/GradingRepos/repos/cse247-f17-students-yushu.liu/bin

BUILD SUCCESSFUL
Total time: 2 seconds
Buildfile: /Users/tdelanuez/247f17/cse247-support/build.xml

compile:
     [echo] Compiling heaps/test/TestMinHeap
    [javac] Compiling 1 source file to /Users/tdelanuez/247f17/cse247-support/GradingRepos/repos/cse247-f17-students-yushu.liu/bin

BUILD SUCCESSFUL
Total time: 1 second
Running test test.TestMinHeap
Buildfile: /Users/tdelanuez/247f17/cse247-support/build.xml

test:
    [junit] java.lang.Error: I found a null entry within the currently occupied portion of the heap, at index 1
    [junit] Running heaps.test.TestMinHeap
    [junit] 	at heaps.validate.MinHeapValidator.checkForGaps(MinHeapValidator.java:113)
    [junit] Testsuite: heaps.test.TestMinHeap
    [junit] 	at heaps.validate.MinHeapValidator.check(MinHeapValidator.java:30)
    [junit] Testing unique size 0
    [junit] 	at heaps.test.TestMinHeap.sortTest(TestMinHeap.java:205)
    [junit] done
    [junit] Testing unique size 1
    [junit] ===== Failure report for testViaSorting(heaps.test.TestMinHeap) ========
    [junit] 	at heaps.test.TestMinHeap.testViaSorting(TestMinHeap.java:121)
    [junit] Failure message: Heap Validation Error (detail shown below):
    [junit] 	at sun.reflect.NativeMethodAccessorImpl.invoke0(Native Method)
    [junit] java.lang.Error: I found a null entry within the currently occupied portion of the heap, at index 1
    [junit] Tree before the problem occurred:
    [junit] 	at sun.reflect.NativeMethodAccessorImpl.invoke(NativeMethodAccessorImpl.java:62)
    [junit] 
    [junit] 	at sun.reflect.DelegatingMethodAccessorImpl.invoke(DelegatingMethodAccessorImpl.java:43)
    [junit] What went wrong: I found a null entry within the currently occupied portion of the heap, at index 1
    [junit] 	at java.lang.reflect.Method.invoke(Method.java:498)
    [junit] Tree that triggered this problem:
    [junit] 	at org.junit.runners.model.FrameworkMethod$1.runReflectiveCall(FrameworkMethod.java:50)
    [junit]  null
    [junit] 	at org.junit.internal.runners.model.ReflectiveCallable.run(ReflectiveCallable.java:12)
    [junit] 
    [junit] 	at org.junit.runners.model.FrameworkMethod.invokeExplosively(FrameworkMethod.java:47)
    [junit] 	at org.junit.internal.runners.statements.InvokeMethod.evaluate(InvokeMethod.java:17)
    [junit] 	at org.junit.rules.TestWatcher$1.evaluate(TestWatcher.java:55)
    [junit] 	at org.junit.rules.RunRules.evaluate(RunRules.java:20)
    [junit] 	at org.junit.runners.ParentRunner.runLeaf(ParentRunner.java:325)
    [junit] 	at org.junit.runners.BlockJUnit4ClassRunner.runChild(BlockJUnit4ClassRunner.java:78)
    [junit] 	at org.junit.runners.BlockJUnit4ClassRunner.runChild(BlockJUnit4ClassRunner.java:57)
    [junit] 	at org.junit.runners.ParentRunner$3.run(ParentRunner.java:290)
    [junit] 	at org.junit.runners.ParentRunner$1.schedule(ParentRunner.java:71)
    [junit] 	at org.junit.runners.ParentRunner.runChildren(ParentRunner.java:288)
    [junit] 	at org.junit.runners.ParentRunner.access$000(ParentRunner.java:58)
    [junit] 	at org.junit.runners.ParentRunner$2.evaluate(ParentRunner.java:268)
    [junit] 	at org.junit.runners.ParentRunner.run(ParentRunner.java:363)
    [junit] 	at junit.framework.JUnit4TestAdapter.run(JUnit4TestAdapter.java:38)
    [junit] 	at org.apache.tools.ant.taskdefs.optional.junit.JUnitTestRunner.run(JUnitTestRunner.java:535)
    [junit] 	at org.apache.tools.ant.taskdefs.optional.junit.JUnitTestRunner.launch(JUnitTestRunner.java:1182)
    [junit] 	at org.apache.tools.ant.taskdefs.optional.junit.JUnitTestRunner.main(JUnitTestRunner.java:1033)
    [junit] java.lang.Error: I found a null entry within the currently occupied portion of the heap, at index 1
    [junit] 	at heaps.validate.MinHeapValidator.checkForGaps(MinHeapValidator.java:113)
    [junit] 	at heaps.validate.MinHeapValidator.check(MinHeapValidator.java:30)
    [junit] 	at heaps.test.TestMinHeap.sortTest(TestMinHeap.java:205)
    [junit] 	at heaps.test.TestMinHeap.testAndPrint(TestMinHeap.java:175)
    [junit] 	at sun.reflect.NativeMethodAccessorImpl.invoke0(Native Method)
    [junit] ===== End Failure report for testViaSorting(heaps.test.TestMinHeap) ========
    [junit] 	at sun.reflect.NativeMethodAccessorImpl.invoke(NativeMethodAccessorImpl.java:62)
    [junit] 	at sun.reflect.DelegatingMethodAccessorImpl.invoke(DelegatingMethodAccessorImpl.java:43)
    [junit] 	at java.lang.reflect.Method.invoke(Method.java:498)
    [junit] 	at org.junit.runners.model.FrameworkMethod$1.runReflectiveCall(FrameworkMethod.java:50)
    [junit] 	at org.junit.internal.runners.model.ReflectiveCallable.run(ReflectiveCallable.java:12)
    [junit] 	at org.junit.runners.model.FrameworkMethod.invokeExplosively(FrameworkMethod.java:47)
    [junit] 	at org.junit.internal.runners.statements.InvokeMethod.evaluate(InvokeMethod.java:17)
    [junit] 	at org.junit.rules.TestWatcher$1.evaluate(TestWatcher.java:55)
    [junit] 	at org.junit.rules.RunRules.evaluate(RunRules.java:20)
    [junit] 	at org.junit.runners.ParentRunner.runLeaf(ParentRunner.java:325)
    [junit] 	at org.junit.runners.BlockJUnit4ClassRunner.runChild(BlockJUnit4ClassRunner.java:78)
    [junit] 	at org.junit.runners.BlockJUnit4ClassRunner.runChild(BlockJUnit4ClassRunner.java:57)
    [junit] 	at org.junit.runners.ParentRunner$3.run(ParentRunner.java:290)
    [junit] 	at org.junit.runners.ParentRunner$1.schedule(ParentRunner.java:71)
    [junit] 
    [junit] 
    [junit] Displaying a correct heap of 50 unique integers:
    [junit] ===== Failure report for testAndPrint(heaps.test.TestMinHeap) ========
    [junit] Failure message: Heap Validation Error (detail shown below):
    [junit] 	at org.junit.runners.ParentRunner.runChildren(ParentRunner.java:288)
    [junit] java.lang.Error: I found a null entry within the currently occupied portion of the heap, at index 1
    [junit] 	at org.junit.runners.ParentRunner.access$000(ParentRunner.java:58)
    [junit] Tree before the problem occurred:
    [junit] 	at org.junit.runners.ParentRunner$2.evaluate(ParentRunner.java:268)
    [junit] 
    [junit] 	at org.junit.runners.ParentRunner.run(ParentRunner.java:363)
    [junit] What went wrong: I found a null entry within the currently occupied portion of the heap, at index 1
    [junit] 	at junit.framework.JUnit4TestAdapter.run(JUnit4TestAdapter.java:38)
    [junit] Tree that triggered this problem:
    [junit] 	at org.apache.tools.ant.taskdefs.optional.junit.JUnitTestRunner.run(JUnitTestRunner.java:535)
    [junit]  null
    [junit] 	at org.apache.tools.ant.taskdefs.optional.junit.JUnitTestRunner.launch(JUnitTestRunner.java:1182)
    [junit] 
    [junit] 	at org.apache.tools.ant.taskdefs.optional.junit.JUnitTestRunner.main(JUnitTestRunner.java:1033)
    [junit] ===== End Failure report for testAndPrint(heaps.test.TestMinHeap) ========
    [junit] java.lang.Error: I found a null entry within the currently occupied portion of the heap, at index 1
    [junit] 
    [junit] 	at heaps.validate.MinHeapValidator.checkForGaps(MinHeapValidator.java:113)
    [junit] 
    [junit] 	at heaps.validate.MinHeapValidator.check(MinHeapValidator.java:30)
    [junit] ===== Failure report for testExtractMin(heaps.test.TestMinHeap) ========
    [junit] 	at heaps.test.TestMinHeap.testExtractMin(TestMinHeap.java:76)
    [junit] Failure message: Heap Validation Error (detail shown below):
    [junit] 	at sun.reflect.NativeMethodAccessorImpl.invoke0(Native Method)
    [junit] java.lang.Error: I found a null entry within the currently occupied portion of the heap, at index 1
    [junit] 	at sun.reflect.NativeMethodAccessorImpl.invoke(NativeMethodAccessorImpl.java:62)
    [junit] 	at sun.reflect.DelegatingMethodAccessorImpl.invoke(DelegatingMethodAccessorImpl.java:43)
    [junit] 	at java.lang.reflect.Method.invoke(Method.java:498)
    [junit] Tree before the problem occurred:
    [junit] 	at org.junit.runners.model.FrameworkMethod$1.runReflectiveCall(FrameworkMethod.java:50)
    [junit] 
    [junit] 	at org.junit.internal.runners.model.ReflectiveCallable.run(ReflectiveCallable.java:12)
    [junit] What went wrong: I found a null entry within the currently occupied portion of the heap, at index 1
    [junit] 	at org.junit.runners.model.FrameworkMethod.invokeExplosively(FrameworkMethod.java:47)
    [junit] Tree that triggered this problem:
    [junit] 	at org.junit.internal.runners.statements.InvokeMethod.evaluate(InvokeMethod.java:17)
    [junit]  null
    [junit] 	at org.junit.rules.TestWatcher$1.evaluate(TestWatcher.java:55)
    [junit] 
    [junit] 	at org.junit.rules.RunRules.evaluate(RunRules.java:20)
    [junit] ===== End Failure report for testExtractMin(heaps.test.TestMinHeap) ========
    [junit] 	at org.junit.runners.ParentRunner.runLeaf(ParentRunner.java:325)
    [junit] 
    [junit] 	at org.junit.runners.BlockJUnit4ClassRunner.runChild(BlockJUnit4ClassRunner.java:78)
    [junit] 
    [junit] 	at org.junit.runners.BlockJUnit4ClassRunner.runChild(BlockJUnit4ClassRunner.java:57)
    [junit] ===== Failure report for testLocUpdatedHeapify(heaps.test.TestMinHeap) ========
    [junit] 	at org.junit.runners.ParentRunner$3.run(ParentRunner.java:290)
    [junit] Failure message: Heap Validation Error (detail shown below):
    [junit] 	at org.junit.runners.ParentRunner$1.schedule(ParentRunner.java:71)
    [junit] java.lang.Error: I found a null entry within the currently occupied portion of the heap, at index 1
    [junit] 	at org.junit.runners.ParentRunner.runChildren(ParentRunner.java:288)
    [junit] Tree before the problem occurred:
    [junit] 	at org.junit.runners.ParentRunner.access$000(ParentRunner.java:58)
    [junit] 
    [junit] 	at org.junit.runners.ParentRunner$2.evaluate(ParentRunner.java:268)
    [junit] What went wrong: I found a null entry within the currently occupied portion of the heap, at index 1
    [junit] 	at org.junit.runners.ParentRunner.run(ParentRunner.java:363)
    [junit] Tree that triggered this problem:
    [junit] 	at junit.framework.JUnit4TestAdapter.run(JUnit4TestAdapter.java:38)
    [junit]  null
    [junit] 	at org.apache.tools.ant.taskdefs.optional.junit.JUnitTestRunner.run(JUnitTestRunner.java:535)
    [junit] 
    [junit] 	at org.apache.tools.ant.taskdefs.optional.junit.JUnitTestRunner.launch(JUnitTestRunner.java:1182)
    [junit] ===== End Failure report for testLocUpdatedHeapify(heaps.test.TestMinHeap) ========
    [junit] 	at org.apache.tools.ant.taskdefs.optional.junit.JUnitTestRunner.main(JUnitTestRunner.java:1033)
    [junit] 
    [junit] java.lang.Error: I found a null entry within the currently occupied portion of the heap, at index 1
    [junit] 
    [junit] 	at heaps.validate.MinHeapValidator.checkForGaps(MinHeapValidator.java:113)
    [junit] ===== Failure report for testInsert(heaps.test.TestMinHeap) ========
    [junit] 	at heaps.validate.MinHeapValidator.check(MinHeapValidator.java:30)
    [junit] Failure message: Heap Validation Error (detail shown below):
    [junit] 	at heaps.test.TestMinHeap.testLocUpdatedHeapify(TestMinHeap.java:160)
    [junit] java.lang.Error: I found a null entry within the currently occupied portion of the heap, at index 1
    [junit] 	at sun.reflect.NativeMethodAccessorImpl.invoke0(Native Method)
    [junit] Tree before the problem occurred:
    [junit] 	at sun.reflect.NativeMethodAccessorImpl.invoke(NativeMethodAccessorImpl.java:62)
    [junit] 
    [junit] 	at sun.reflect.DelegatingMethodAccessorImpl.invoke(DelegatingMethodAccessorImpl.java:43)
    [junit] What went wrong: I found a null entry within the currently occupied portion of the heap, at index 1
    [junit] 	at java.lang.reflect.Method.invoke(Method.java:498)
    [junit] Tree that triggered this problem:
    [junit] 	at org.junit.runners.model.FrameworkMethod$1.runReflectiveCall(FrameworkMethod.java:50)
    [junit]  null
    [junit] 	at org.junit.internal.runners.model.ReflectiveCallable.run(ReflectiveCallable.java:12)
    [junit] 
    [junit] 	at org.junit.runners.model.FrameworkMethod.invokeExplosively(FrameworkMethod.java:47)
    [junit] 	at org.junit.internal.runners.statements.InvokeMethod.evaluate(InvokeMethod.java:17)
    [junit] ===== End Failure report for testInsert(heaps.test.TestMinHeap) ========
    [junit] 	at org.junit.rules.TestWatcher$1.evaluate(TestWatcher.java:55)
    [junit] 
    [junit] 	at org.junit.rules.RunRules.evaluate(RunRules.java:20)
    [junit] 
    [junit] 	at org.junit.runners.ParentRunner.runLeaf(ParentRunner.java:325)
    [junit] 	at org.junit.runners.BlockJUnit4ClassRunner.runChild(BlockJUnit4ClassRunner.java:78)
    [junit] 	at org.junit.runners.BlockJUnit4ClassRunner.runChild(BlockJUnit4ClassRunner.java:57)
    [junit] 	at org.junit.runners.ParentRunner$3.run(ParentRunner.java:290)
    [junit] 	at org.junit.runners.ParentRunner$1.schedule(ParentRunner.java:71)
    [junit] 	at org.junit.runners.ParentRunner.runChildren(ParentRunner.java:288)
    [junit] 	at org.junit.runners.ParentRunner.access$000(ParentRunner.java:58)
    [junit] 	at org.junit.runners.ParentRunner$2.evaluate(ParentRunner.java:268)
    [junit] 	at org.junit.runners.ParentRunner.run(ParentRunner.java:363)
    [junit] 	at junit.framework.JUnit4TestAdapter.run(JUnit4TestAdapter.java:38)
    [junit] 	at org.apache.tools.ant.taskdefs.optional.junit.JUnitTestRunner.run(JUnitTestRunner.java:535)
    [junit] 	at org.apache.tools.ant.taskdefs.optional.junit.JUnitTestRunner.launch(JUnitTestRunner.java:1182)
    [junit] 	at org.apache.tools.ant.taskdefs.optional.junit.JUnitTestRunner.main(JUnitTestRunner.java:1033)
    [junit] java.lang.Error: I found a null entry within the currently occupied portion of the heap, at index 1
    [junit] 	at heaps.validate.MinHeapValidator.checkForGaps(MinHeapValidator.java:113)
    [junit] 	at heaps.validate.MinHeapValidator.check(MinHeapValidator.java:30)
    [junit] 	at heaps.test.TestMinHeap.testInsert(TestMinHeap.java:61)
    [junit] 	at sun.reflect.NativeMethodAccessorImpl.invoke0(Native Method)
    [junit] 	at sun.reflect.NativeMethodAccessorImpl.invoke(NativeMethodAccessorImpl.java:62)
    [junit] 	at sun.reflect.DelegatingMethodAccessorImpl.invoke(DelegatingMethodAccessorImpl.java:43)
    [junit] 	at java.lang.reflect.Method.invoke(Method.java:498)
    [junit] 	at org.junit.runners.model.FrameworkMethod$1.runReflectiveCall(FrameworkMethod.java:50)
    [junit] 	at org.junit.internal.runners.model.ReflectiveCallable.run(ReflectiveCallable.java:12)
    [junit] 	at org.junit.runners.model.FrameworkMethod.invokeExplosively(FrameworkMethod.java:47)
    [junit] 	at org.junit.internal.runners.statements.InvokeMethod.evaluate(InvokeMethod.java:17)
    [junit] 	at org.junit.rules.TestWatcher$1.evaluate(TestWatcher.java:55)
    [junit] 	at org.junit.rules.RunRules.evaluate(RunRules.java:20)
    [junit] 	at org.junit.runners.ParentRunner.runLeaf(ParentRunner.java:325)
    [junit] 	at org.junit.runners.BlockJUnit4ClassRunner.runChild(BlockJUnit4ClassRunner.java:78)
    [junit] 	at org.junit.runners.BlockJUnit4ClassRunner.runChild(BlockJUnit4ClassRunner.java:57)
    [junit] 	at org.junit.runners.ParentRunner$3.run(ParentRunner.java:290)
    [junit] 	at org.junit.runners.ParentRunner$1.schedule(ParentRunner.java:71)
    [junit] 	at org.junit.runners.ParentRunner.runChildren(ParentRunner.java:288)
    [junit] 	at org.junit.runners.ParentRunner.access$000(ParentRunner.java:58)
    [junit] 	at org.junit.runners.ParentRunner$2.evaluate(ParentRunner.java:268)
    [junit] 	at org.junit.runners.ParentRunner.run(ParentRunner.java:363)
    [junit] 	at junit.framework.JUnit4TestAdapter.run(JUnit4TestAdapter.java:38)
    [junit] 	at org.apache.tools.ant.taskdefs.optional.junit.JUnitTestRunner.run(JUnitTestRunner.java:535)
    [junit] 	at org.apache.tools.ant.taskdefs.optional.junit.JUnitTestRunner.launch(JUnitTestRunner.java:1182)
    [junit] 	at org.apache.tools.ant.taskdefs.optional.junit.JUnitTestRunner.main(JUnitTestRunner.java:1033)
    [junit] ===== Failure report for testUsingHeapSort(heaps.test.TestMinHeap) ========
    [junit] Failure message: java.lang.NullPointerException
    [junit] ===== End Failure report for testUsingHeapSort(heaps.test.TestMinHeap) ========
    [junit] 
    [junit] 
    [junit] ===== Failure report for testLocUpdatedDecrease(heaps.test.TestMinHeap) ========
    [junit] Failure message: Heap Validation Error (detail shown below):
    [junit] java.lang.Error: I found a null entry within the currently occupied portion of the heap, at index 1
    [junit] Tree before the problem occurred:
    [junit] 
    [junit] What went wrong: I found a null entry within the currently occupied portion of the heap, at index 1
    [junit] Tree that triggered this problem:
    [junit]  null
    [junit] 
    [junit] ===== End Failure report for testLocUpdatedDecrease(heaps.test.TestMinHeap) ========
    [junit] 
    [junit] 
    [junit] Tests run: 8, Failures: 0, Errors: 7, Skipped: 0, Time elapsed: 0.224 sec
    [junit] Output:
    [junit] Testing unique size 0
    [junit] done
    [junit] Testing unique size 1
    [junit] ===== Failure report for testViaSorting(heaps.test.TestMinHeap) ========
    [junit] Failure message: Heap Validation Error (detail shown below):
    [junit] java.lang.Error: I found a null entry within the currently occupied portion of the heap, at index 1
    [junit] Tree before the problem occurred:
    [junit] 
    [junit] What went wrong: I found a null entry within the currently occupied portion of the heap, at index 1
    [junit] Tree that triggered this problem:
    [junit]  null
    [junit] 
    [junit] ===== End Failure report for testViaSorting(heaps.test.TestMinHeap) ========
    [junit] 
    [junit] 
    [junit] Displaying a correct heap of 50 unique integers:
    [junit] ===== Failure report for testAndPrint(heaps.test.TestMinHeap) ========
    [junit] Failure message: Heap Validation Error (detail shown below):
    [junit] java.lang.Error: I found a null entry within the currently occupied portion of the heap, at index 1
    [junit] Tree before the problem occurred:
    [junit] 
    [junit] What went wrong: I found a null entry within the currently occupied portion of the heap, at index 1
    [junit] Tree that triggered this problem:
    [junit]  null
    [junit] 
    [junit] ===== End Failure report for testAndPrint(heaps.test.TestMinHeap) ========
    [junit] 
    [junit] 
    [junit] ===== Failure report for testExtractMin(heaps.test.TestMinHeap) ========
    [junit] Failure message: Heap Validation Error (detail shown below):
    [junit] java.lang.Error: I found a null entry within the currently occupied portion of the heap, at index 1
    [junit] Tree before the problem occurred:
    [junit] java.lang.Error: I found a null entry within the currently occupied portion of the heap, at index 1
    [junit] 	at heaps.validate.MinHeapValidator.checkForGaps(MinHeapValidator.java:113)
    [junit] 	at heaps.validate.MinHeapValidator.check(MinHeapValidator.java:30)
    [junit] 	at heaps.test.TestMinHeap.testLocUpdatedDecrease(TestMinHeap.java:140)
    [junit] 	at sun.reflect.NativeMethodAccessorImpl.invoke0(Native Method)
    [junit] 	at sun.reflect.NativeMethodAccessorImpl.invoke(NativeMethodAccessorImpl.java:62)
    [junit] 	at sun.reflect.DelegatingMethodAccessorImpl.invoke(DelegatingMethodAccessorImpl.java:43)
    [junit] 	at java.lang.reflect.Method.invoke(Method.java:498)
    [junit] 	at org.junit.runners.model.FrameworkMethod$1.runReflectiveCall(FrameworkMethod.java:50)
    [junit] 	at org.junit.internal.runners.model.ReflectiveCallable.run(ReflectiveCallable.java:12)
    [junit] 	at org.junit.runners.model.FrameworkMethod.invokeExplosively(FrameworkMethod.java:47)
    [junit] 	at org.junit.internal.runners.statements.InvokeMethod.evaluate(InvokeMethod.java:17)
    [junit] 	at org.junit.rules.TestWatcher$1.evaluate(TestWatcher.java:55)
    [junit] 	at org.junit.rules.RunRules.evaluate(RunRules.java:20)
    [junit] 	at org.junit.runners.ParentRunner.runLeaf(ParentRunner.java:325)
    [junit] 	at org.junit.runners.BlockJUnit4ClassRunner.runChild(BlockJUnit4ClassRunner.java:78)
    [junit] 	at org.junit.runners.BlockJUnit4ClassRunner.runChild(BlockJUnit4ClassRunner.java:57)
    [junit] 	at org.junit.runners.ParentRunner$3.run(ParentRunner.java:290)
    [junit] 	at org.junit.runners.ParentRunner$1.schedule(ParentRunner.java:71)
    [junit] 	at org.junit.runners.ParentRunner.runChildren(ParentRunner.java:288)
    [junit] 	at org.junit.runners.ParentRunner.access$000(ParentRunner.java:58)
    [junit] 	at org.junit.runners.ParentRunner$2.evaluate(ParentRunner.java:268)
    [junit] 	at org.junit.runners.ParentRunner.run(ParentRunner.java:363)
    [junit] 	at junit.framework.JUnit4TestAdapter.run(JUnit4TestAdapter.java:38)
    [junit] 	at org.apache.tools.ant.taskdefs.optional.junit.JUnitTestRunner.run(JUnitTestRunner.java:535)
    [junit] 	at org.apache.tools.ant.taskdefs.optional.junit.JUnitTestRunner.launch(JUnitTestRunner.java:1182)
    [junit] 	at org.apache.tools.ant.taskdefs.optional.junit.JUnitTestRunner.main(JUnitTestRunner.java:1033)
    [junit] 
    [junit] What went wrong: I found a null entry within the currently occupied portion of the heap, at index 1
    [junit] Tree that triggered this problem:
    [junit]  null
    [junit] 
    [junit] ===== End Failure report for testExtractMin(heaps.test.TestMinHeap) ========
    [junit] 
    [junit] 
    [junit] ===== Failure report for testLocUpdatedHeapify(heaps.test.TestMinHeap) ========
    [junit] Failure message: Heap Validation Error (detail shown below):
    [junit] java.lang.Error: I found a null entry within the currently occupied portion of the heap, at index 1
    [junit] Tree before the problem occurred:
    [junit] 
    [junit] What went wrong: I found a null entry within the currently occupied portion of the heap, at index 1
    [junit] Tree that triggered this problem:
    [junit]  null
    [junit] 
    [junit] ===== End Failure report for testLocUpdatedHeapify(heaps.test.TestMinHeap) ========
    [junit] 
    [junit] 
    [junit] ===== Failure report for testInsert(heaps.test.TestMinHeap) ========
    [junit] Failure message: Heap Validation Error (detail shown below):
    [junit] java.lang.Error: I found a null entry within the currently occupied portion of the heap, at index 1
    [junit] Tree before the problem occurred:
    [junit] 
    [junit] What went wrong: I found a null entry within the currently occupied portion of the heap, at index 1
    [junit] Tree that triggered this problem:
    [junit]  null
    [junit] 
    [junit] ===== End Failure report for testInsert(heaps.test.TestMinHeap) ========
    [junit] 
    [junit] 
    [junit] ===== Failure report for testUsingHeapSort(heaps.test.TestMinHeap) ========
    [junit] Failure message: java.lang.NullPointerException
    [junit] ===== End Failure report for testUsingHeapSort(heaps.test.TestMinHeap) ========
    [junit] 
    [junit] 
    [junit] ===== Failure report for testLocUpdatedDecrease(heaps.test.TestMinHeap) ========
    [junit] Failure message: Heap Validation Error (detail shown below):
    [junit] java.lang.Error: I found a null entry within the currently occupied portion of the heap, at index 1
    [junit] Tree before the problem occurred:
    [junit] 
    [junit] What went wrong: I found a null entry within the currently occupied portion of the heap, at index 1
    [junit] Tree that triggered this problem:
    [junit]  null
    [junit] 
    [junit] ===== End Failure report for testLocUpdatedDecrease(heaps.test.TestMinHeap) ========
    [junit] 
    [junit] 
    [junit] 
    [junit] Error: 
    [junit] java.lang.Error: I found a null entry within the currently occupied portion of the heap, at index 1
    [junit] 	at heaps.validate.MinHeapValidator.checkForGaps(MinHeapValidator.java:113)
    [junit] 	at heaps.validate.MinHeapValidator.check(MinHeapValidator.java:30)
    [junit] 	at heaps.test.TestMinHeap.sortTest(TestMinHeap.java:205)
    [junit] 	at heaps.test.TestMinHeap.testViaSorting(TestMinHeap.java:121)
    [junit] 	at sun.reflect.NativeMethodAccessorImpl.invoke0(Native Method)
    [junit] 	at sun.reflect.NativeMethodAccessorImpl.invoke(NativeMethodAccessorImpl.java:62)
    [junit] 	at sun.reflect.DelegatingMethodAccessorImpl.invoke(DelegatingMethodAccessorImpl.java:43)
    [junit] 	at java.lang.reflect.Method.invoke(Method.java:498)
    [junit] 	at org.junit.runners.model.FrameworkMethod$1.runReflectiveCall(FrameworkMethod.java:50)
    [junit] 	at org.junit.internal.runners.model.ReflectiveCallable.run(ReflectiveCallable.java:12)
    [junit] 	at org.junit.runners.model.FrameworkMethod.invokeExplosively(FrameworkMethod.java:47)
    [junit] 	at org.junit.internal.runners.statements.InvokeMethod.evaluate(InvokeMethod.java:17)
    [junit] 	at org.junit.rules.TestWatcher$1.evaluate(TestWatcher.java:55)
    [junit] 	at org.junit.rules.RunRules.evaluate(RunRules.java:20)
    [junit] 	at org.junit.runners.ParentRunner.runLeaf(ParentRunner.java:325)
    [junit] 	at org.junit.runners.BlockJUnit4ClassRunner.runChild(BlockJUnit4ClassRunner.java:78)
    [junit] 	at org.junit.runners.BlockJUnit4ClassRunner.runChild(BlockJUnit4ClassRunner.java:57)
    [junit] 	at org.junit.runners.ParentRunner$3.run(ParentRunner.java:290)
    [junit] 	at org.junit.runners.ParentRunner$1.schedule(ParentRunner.java:71)
    [junit] 	at org.junit.runners.ParentRunner.runChildren(ParentRunner.java:288)
    [junit] 	at org.junit.runners.ParentRunner.access$000(ParentRunner.java:58)
    [junit] 	at org.junit.runners.ParentRunner$2.evaluate(ParentRunner.java:268)
    [junit] 	at org.junit.runners.ParentRunner.run(ParentRunner.java:363)
    [junit] 	at junit.framework.JUnit4TestAdapter.run(JUnit4TestAdapter.java:38)
    [junit] 	at org.apache.tools.ant.taskdefs.optional.junit.JUnitTestRunner.run(JUnitTestRunner.java:535)
    [junit] 	at org.apache.tools.ant.taskdefs.optional.junit.JUnitTestRunner.launch(JUnitTestRunner.java:1182)
    [junit] 	at org.apache.tools.ant.taskdefs.optional.junit.JUnitTestRunner.main(JUnitTestRunner.java:1033)
    [junit] java.lang.Error: I found a null entry within the currently occupied portion of the heap, at index 1
    [junit] 	at heaps.validate.MinHeapValidator.checkForGaps(MinHeapValidator.java:113)
    [junit] 	at heaps.validate.MinHeapValidator.check(MinHeapValidator.java:30)
    [junit] 	at heaps.test.TestMinHeap.sortTest(TestMinHeap.java:205)
    [junit] 	at heaps.test.TestMinHeap.testAndPrint(TestMinHeap.java:175)
    [junit] 	at sun.reflect.NativeMethodAccessorImpl.invoke0(Native Method)
    [junit] 	at sun.reflect.NativeMethodAccessorImpl.invoke(NativeMethodAccessorImpl.java:62)
    [junit] 	at sun.reflect.DelegatingMethodAccessorImpl.invoke(DelegatingMethodAccessorImpl.java:43)
    [junit] 	at java.lang.reflect.Method.invoke(Method.java:498)
    [junit] 	at org.junit.runners.model.FrameworkMethod$1.runReflectiveCall(FrameworkMethod.java:50)
    [junit] 	at org.junit.internal.runners.model.ReflectiveCallable.run(ReflectiveCallable.java:12)
    [junit] 	at org.junit.runners.model.FrameworkMethod.invokeExplosively(FrameworkMethod.java:47)
    [junit] 	at org.junit.internal.runners.statements.InvokeMethod.evaluate(InvokeMethod.java:17)
    [junit] 	at org.junit.rules.TestWatcher$1.evaluate(TestWatcher.java:55)
    [junit] 	at org.junit.rules.RunRules.evaluate(RunRules.java:20)
    [junit] 	at org.junit.runners.ParentRunner.runLeaf(ParentRunner.java:325)
    [junit] 	at org.junit.runners.BlockJUnit4ClassRunner.runChild(BlockJUnit4ClassRunner.java:78)
    [junit] 	at org.junit.runners.BlockJUnit4ClassRunner.runChild(BlockJUnit4ClassRunner.java:57)
    [junit] 	at org.junit.runners.ParentRunner$3.run(ParentRunner.java:290)
    [junit] 	at org.junit.runners.ParentRunner$1.schedule(ParentRunner.java:71)
    [junit] 	at org.junit.runners.ParentRunner.runChildren(ParentRunner.java:288)
    [junit] 	at org.junit.runners.ParentRunner.access$000(ParentRunner.java:58)
    [junit] 	at org.junit.runners.ParentRunner$2.evaluate(ParentRunner.java:268)
    [junit] 	at org.junit.runners.ParentRunner.run(ParentRunner.java:363)
    [junit] 	at junit.framework.JUnit4TestAdapter.run(JUnit4TestAdapter.java:38)
    [junit] 	at org.apache.tools.ant.taskdefs.optional.junit.JUnitTestRunner.run(JUnitTestRunner.java:535)
    [junit] 	at org.apache.tools.ant.taskdefs.optional.junit.JUnitTestRunner.launch(JUnitTestRunner.java:1182)
    [junit] 	at org.apache.tools.ant.taskdefs.optional.junit.JUnitTestRunner.main(JUnitTestRunner.java:1033)
    [junit] java.lang.Error: I found a null entry within the currently occupied portion of the heap, at index 1
    [junit] 	at heaps.validate.MinHeapValidator.checkForGaps(MinHeapValidator.java:113)
    [junit] 	at heaps.validate.MinHeapValidator.check(MinHeapValidator.java:30)
    [junit] 	at heaps.test.TestMinHeap.testExtractMin(TestMinHeap.java:76)
    [junit] 	at sun.reflect.NativeMethodAccessorImpl.invoke0(Native Method)
    [junit] 	at sun.reflect.NativeMethodAccessorImpl.invoke(NativeMethodAccessorImpl.java:62)
    [junit] 	at sun.reflect.DelegatingMethodAccessorImpl.invoke(DelegatingMethodAccessorImpl.java:43)
    [junit] 	at java.lang.reflect.Method.invoke(Method.java:498)
    [junit] 	at org.junit.runners.model.FrameworkMethod$1.runReflectiveCall(FrameworkMethod.java:50)
    [junit] 	at org.junit.internal.runners.model.ReflectiveCallable.run(ReflectiveCallable.java:12)
    [junit] 	at org.junit.runners.model.FrameworkMethod.invokeExplosively(FrameworkMethod.java:47)
    [junit] 	at org.junit.internal.runners.statements.InvokeMethod.evaluate(InvokeMethod.java:17)
    [junit] 	at org.junit.rules.TestWatcher$1.evaluate(TestWatcher.java:55)
    [junit] 	at org.junit.rules.RunRules.evaluate(RunRules.java:20)
    [junit] 	at org.junit.runners.ParentRunner.runLeaf(ParentRunner.java:325)
    [junit] 	at org.junit.runners.BlockJUnit4ClassRunner.runChild(BlockJUnit4ClassRunner.java:78)
    [junit] 	at org.junit.runners.BlockJUnit4ClassRunner.runChild(BlockJUnit4ClassRunner.java:57)
    [junit] 	at org.junit.runners.ParentRunner$3.run(ParentRunner.java:290)
    [junit] 	at org.junit.runners.ParentRunner$1.schedule(ParentRunner.java:71)
    [junit] 	at org.junit.runners.ParentRunner.runChildren(ParentRunner.java:288)
    [junit] 	at org.junit.runners.ParentRunner.access$000(ParentRunner.java:58)
    [junit] 	at org.junit.runners.ParentRunner$2.evaluate(ParentRunner.java:268)
    [junit] 	at org.junit.runners.ParentRunner.run(ParentRunner.java:363)
    [junit] 	at junit.framework.JUnit4TestAdapter.run(JUnit4TestAdapter.java:38)
    [junit] 	at org.apache.tools.ant.taskdefs.optional.junit.JUnitTestRunner.run(JUnitTestRunner.java:535)
    [junit] 	at org.apache.tools.ant.taskdefs.optional.junit.JUnitTestRunner.launch(JUnitTestRunner.java:1182)
    [junit] 	at org.apache.tools.ant.taskdefs.optional.junit.JUnitTestRunner.main(JUnitTestRunner.java:1033)
    [junit] java.lang.Error: I found a null entry within the currently occupied portion of the heap, at index 1
    [junit] 	at heaps.validate.MinHeapValidator.checkForGaps(MinHeapValidator.java:113)
    [junit] 	at heaps.validate.MinHeapValidator.check(MinHeapValidator.java:30)
    [junit] 	at heaps.test.TestMinHeap.testLocUpdatedHeapify(TestMinHeap.java:160)
    [junit] 	at sun.reflect.NativeMethodAccessorImpl.invoke0(Native Method)
    [junit] 	at sun.reflect.NativeMethodAccessorImpl.invoke(NativeMethodAccessorImpl.java:62)
    [junit] 	at sun.reflect.DelegatingMethodAccessorImpl.invoke(DelegatingMethodAccessorImpl.java:43)
    [junit] 	at java.lang.reflect.Method.invoke(Method.java:498)
    [junit] 	at org.junit.runners.model.FrameworkMethod$1.runReflectiveCall(FrameworkMethod.java:50)
    [junit] 	at org.junit.internal.runners.model.ReflectiveCallable.run(ReflectiveCallable.java:12)
    [junit] 	at org.junit.runners.model.FrameworkMethod.invokeExplosively(FrameworkMethod.java:47)
    [junit] 	at org.junit.internal.runners.statements.InvokeMethod.evaluate(InvokeMethod.java:17)
    [junit] 	at org.junit.rules.TestWatcher$1.evaluate(TestWatcher.java:55)
    [junit] 	at org.junit.rules.RunRules.evaluate(RunRules.java:20)
    [junit] 	at org.junit.runners.ParentRunner.runLeaf(ParentRunner.java:325)
    [junit] 	at org.junit.runners.BlockJUnit4ClassRunner.runChild(BlockJUnit4ClassRunner.java:78)
    [junit] 	at org.junit.runners.BlockJUnit4ClassRunner.runChild(BlockJUnit4ClassRunner.java:57)
    [junit] 	at org.junit.runners.ParentRunner$3.run(ParentRunner.java:290)
    [junit] 	at org.junit.runners.ParentRunner$1.schedule(ParentRunner.java:71)
    [junit] 	at org.junit.runners.ParentRunner.runChildren(ParentRunner.java:288)
    [junit] 	at org.junit.runners.ParentRunner.access$000(ParentRunner.java:58)
    [junit] 	at org.junit.runners.ParentRunner$2.evaluate(ParentRunner.java:268)
    [junit] 	at org.junit.runners.ParentRunner.run(ParentRunner.java:363)
    [junit] 	at junit.framework.JUnit4TestAdapter.run(JUnit4TestAdapter.java:38)
    [junit] 	at org.apache.tools.ant.taskdefs.optional.junit.JUnitTestRunner.run(JUnitTestRunner.java:535)
    [junit] 	at org.apache.tools.ant.taskdefs.optional.junit.JUnitTestRunner.launch(JUnitTestRunner.java:1182)
    [junit] 	at org.apache.tools.ant.taskdefs.optional.junit.JUnitTestRunner.main(JUnitTestRunner.java:1033)
    [junit] java.lang.Error: I found a null entry within the currently occupied portion of the heap, at index 1
    [junit] 	at heaps.validate.MinHeapValidator.checkForGaps(MinHeapValidator.java:113)
    [junit] 	at heaps.validate.MinHeapValidator.check(MinHeapValidator.java:30)
    [junit] 	at heaps.test.TestMinHeap.testInsert(TestMinHeap.java:61)
    [junit] 	at sun.reflect.NativeMethodAccessorImpl.invoke0(Native Method)
    [junit] 	at sun.reflect.NativeMethodAccessorImpl.invoke(NativeMethodAccessorImpl.java:62)
    [junit] 	at sun.reflect.DelegatingMethodAccessorImpl.invoke(DelegatingMethodAccessorImpl.java:43)
    [junit] 	at java.lang.reflect.Method.invoke(Method.java:498)
    [junit] 	at org.junit.runners.model.FrameworkMethod$1.runReflectiveCall(FrameworkMethod.java:50)
    [junit] 	at org.junit.internal.runners.model.ReflectiveCallable.run(ReflectiveCallable.java:12)
    [junit] 	at org.junit.runners.model.FrameworkMethod.invokeExplosively(FrameworkMethod.java:47)
    [junit] 	at org.junit.internal.runners.statements.InvokeMethod.evaluate(InvokeMethod.java:17)
    [junit] 	at org.junit.rules.TestWatcher$1.evaluate(TestWatcher.java:55)
    [junit] 	at org.junit.rules.RunRules.evaluate(RunRules.java:20)
    [junit] 	at org.junit.runners.ParentRunner.runLeaf(ParentRunner.java:325)
    [junit] 	at org.junit.runners.BlockJUnit4ClassRunner.runChild(BlockJUnit4ClassRunner.java:78)
    [junit] 	at org.junit.runners.BlockJUnit4ClassRunner.runChild(BlockJUnit4ClassRunner.java:57)
    [junit] 	at org.junit.runners.ParentRunner$3.run(ParentRunner.java:290)
    [junit] 	at org.junit.runners.ParentRunner$1.schedule(ParentRunner.java:71)
    [junit] 	at org.junit.runners.ParentRunner.runChildren(ParentRunner.java:288)
    [junit] 	at org.junit.runners.ParentRunner.access$000(ParentRunner.java:58)
    [junit] 	at org.junit.runners.ParentRunner$2.evaluate(ParentRunner.java:268)
    [junit] 	at org.junit.runners.ParentRunner.run(ParentRunner.java:363)
    [junit] 	at junit.framework.JUnit4TestAdapter.run(JUnit4TestAdapter.java:38)
    [junit] 	at org.apache.tools.ant.taskdefs.optional.junit.JUnitTestRunner.run(JUnitTestRunner.java:535)
    [junit] 	at org.apache.tools.ant.taskdefs.optional.junit.JUnitTestRunner.launch(JUnitTestRunner.java:1182)
    [junit] 	at org.apache.tools.ant.taskdefs.optional.junit.JUnitTestRunner.main(JUnitTestRunner.java:1033)
    [junit] java.lang.Error: I found a null entry within the currently occupied portion of the heap, at index 1
    [junit] 	at heaps.validate.MinHeapValidator.checkForGaps(MinHeapValidator.java:113)
    [junit] 	at heaps.validate.MinHeapValidator.check(MinHeapValidator.java:30)
    [junit] 	at heaps.test.TestMinHeap.testLocUpdatedDecrease(TestMinHeap.java:140)
    [junit] 	at sun.reflect.NativeMethodAccessorImpl.invoke0(Native Method)
    [junit] 	at sun.reflect.NativeMethodAccessorImpl.invoke(NativeMethodAccessorImpl.java:62)
    [junit] 	at sun.reflect.DelegatingMethodAccessorImpl.invoke(DelegatingMethodAccessorImpl.java:43)
    [junit] 	at java.lang.reflect.Method.invoke(Method.java:498)
    [junit] 	at org.junit.runners.model.FrameworkMethod$1.runReflectiveCall(FrameworkMethod.java:50)
    [junit] 	at org.junit.internal.runners.model.ReflectiveCallable.run(ReflectiveCallable.java:12)
    [junit] 	at org.junit.runners.model.FrameworkMethod.invokeExplosively(FrameworkMethod.java:47)
    [junit] 	at org.junit.internal.runners.statements.InvokeMethod.evaluate(InvokeMethod.java:17)
    [junit] 	at org.junit.rules.TestWatcher$1.evaluate(TestWatcher.java:55)
    [junit] 	at org.junit.rules.RunRules.evaluate(RunRules.java:20)
    [junit] 	at org.junit.runners.ParentRunner.runLeaf(ParentRunner.java:325)
    [junit] 	at org.junit.runners.BlockJUnit4ClassRunner.runChild(BlockJUnit4ClassRunner.java:78)
    [junit] 	at org.junit.runners.BlockJUnit4ClassRunner.runChild(BlockJUnit4ClassRunner.java:57)
    [junit] 	at org.junit.runners.ParentRunner$3.run(ParentRunner.java:290)
    [junit] 	at org.junit.runners.ParentRunner$1.schedule(ParentRunner.java:71)
    [junit] 	at org.junit.runners.ParentRunner.runChildren(ParentRunner.java:288)
    [junit] 	at org.junit.runners.ParentRunner.access$000(ParentRunner.java:58)
    [junit] 	at org.junit.runners.ParentRunner$2.evaluate(ParentRunner.java:268)
    [junit] 	at org.junit.runners.ParentRunner.run(ParentRunner.java:363)
    [junit] 	at junit.framework.JUnit4TestAdapter.run(JUnit4TestAdapter.java:38)
    [junit] 	at org.apache.tools.ant.taskdefs.optional.junit.JUnitTestRunner.run(JUnitTestRunner.java:535)
    [junit] 	at org.apache.tools.ant.taskdefs.optional.junit.JUnitTestRunner.launch(JUnitTestRunner.java:1182)
    [junit] 	at org.apache.tools.ant.taskdefs.optional.junit.JUnitTestRunner.main(JUnitTestRunner.java:1033)
    [junit] 
    [junit] Tests run: 8, Failures: 0, Errors: 7, Skipped: 0, Time elapsed: 0.224 sec
    [junit] ------------- Standard Output ---------------
    [junit] Testing unique size 0
    [junit] done
    [junit] Testing unique size 1
    [junit] ===== Failure report for testViaSorting(heaps.test.TestMinHeap) ========
    [junit] Failure message: Heap Validation Error (detail shown below):
    [junit] java.lang.Error: I found a null entry within the currently occupied portion of the heap, at index 1
    [junit] Tree before the problem occurred:
    [junit] 
    [junit] What went wrong: I found a null entry within the currently occupied portion of the heap, at index 1
    [junit] Tree that triggered this problem:
    [junit]  null
    [junit] 
    [junit] ===== End Failure report for testViaSorting(heaps.test.TestMinHeap) ========
    [junit] 
    [junit] 
    [junit] Displaying a correct heap of 50 unique integers:
    [junit] ===== Failure report for testAndPrint(heaps.test.TestMinHeap) ========
    [junit] Failure message: Heap Validation Error (detail shown below):
    [junit] java.lang.Error: I found a null entry within the currently occupied portion of the heap, at index 1
    [junit] Tree before the problem occurred:
    [junit] 
    [junit] What went wrong: I found a null entry within the currently occupied portion of the heap, at index 1
    [junit] Tree that triggered this problem:
    [junit]  null
    [junit] 
    [junit] ===== End Failure report for testAndPrint(heaps.test.TestMinHeap) ========
    [junit] 
    [junit] 
    [junit] ===== Failure report for testExtractMin(heaps.test.TestMinHeap) ========
    [junit] Failure message: Heap Validation Error (detail shown below):
    [junit] java.lang.Error: I found a null entry within the currently occupied portion of the heap, at index 1
    [junit] Tree before the problem occurred:
    [junit] 
    [junit] What went wrong: I found a null entry within the currently occupied portion of the heap, at index 1
    [junit] Tree that triggered this problem:
    [junit]  null
    [junit] 
    [junit] ===== End Failure report for testExtractMin(heaps.test.TestMinHeap) ========
    [junit] 
    [junit] 
    [junit] ===== Failure report for testLocUpdatedHeapify(heaps.test.TestMinHeap) ========
    [junit] Failure message: Heap Validation Error (detail shown below):
    [junit] java.lang.Error: I found a null entry within the currently occupied portion of the heap, at index 1
    [junit] Tree before the problem occurred:
    [junit] 
    [junit] What went wrong: I found a null entry within the currently occupied portion of the heap, at index 1
    [junit] Tree that triggered this problem:
    [junit]  null
    [junit] 
    [junit] ===== End Failure report for testLocUpdatedHeapify(heaps.test.TestMinHeap) ========
    [junit] 
    [junit] 
    [junit] ===== Failure report for testInsert(heaps.test.TestMinHeap) ========
    [junit] Failure message: Heap Validation Error (detail shown below):
    [junit] java.lang.Error: I found a null entry within the currently occupied portion of the heap, at index 1
    [junit] Tree before the problem occurred:
    [junit] 
    [junit] What went wrong: I found a null entry within the currently occupied portion of the heap, at index 1
    [junit] Tree that triggered this problem:
    [junit]  null
    [junit] 
    [junit] ===== End Failure report for testInsert(heaps.test.TestMinHeap) ========
    [junit] 
    [junit] 
    [junit] ===== Failure report for testUsingHeapSort(heaps.test.TestMinHeap) ========
    [junit] Failure message: java.lang.NullPointerException
    [junit] ===== End Failure report for testUsingHeapSort(heaps.test.TestMinHeap) ========
    [junit] 
    [junit] 
    [junit] ===== Failure report for testLocUpdatedDecrease(heaps.test.TestMinHeap) ========
    [junit] Failure message: Heap Validation Error (detail shown below):
    [junit] java.lang.Error: I found a null entry within the currently occupied portion of the heap, at index 1
    [junit] Tree before the problem occurred:
    [junit] 
    [junit] What went wrong: I found a null entry within the currently occupied portion of the heap, at index 1
    [junit] Tree that triggered this problem:
    [junit]  null
    [junit] 
    [junit] ===== End Failure report for testLocUpdatedDecrease(heaps.test.TestMinHeap) ========
    [junit] 
    [junit] 
    [junit] ------------- ---------------- ---------------
    [junit] ------------- Standard Error -----------------
    [junit] java.lang.Error: I found a null entry within the currently occupied portion of the heap, at index 1
    [junit] 	at heaps.validate.MinHeapValidator.checkForGaps(MinHeapValidator.java:113)
    [junit] 	at heaps.validate.MinHeapValidator.check(MinHeapValidator.java:30)
    [junit] 	at heaps.test.TestMinHeap.sortTest(TestMinHeap.java:205)
    [junit] 	at heaps.test.TestMinHeap.testViaSorting(TestMinHeap.java:121)
    [junit] 	at sun.reflect.NativeMethodAccessorImpl.invoke0(Native Method)
    [junit] 	at sun.reflect.NativeMethodAccessorImpl.invoke(NativeMethodAccessorImpl.java:62)
    [junit] 	at sun.reflect.DelegatingMethodAccessorImpl.invoke(DelegatingMethodAccessorImpl.java:43)
    [junit] 	at java.lang.reflect.Method.invoke(Method.java:498)
    [junit] 	at org.junit.runners.model.FrameworkMethod$1.runReflectiveCall(FrameworkMethod.java:50)
    [junit] 	at org.junit.internal.runners.model.ReflectiveCallable.run(ReflectiveCallable.java:12)
    [junit] 	at org.junit.runners.model.FrameworkMethod.invokeExplosively(FrameworkMethod.java:47)
    [junit] 	at org.junit.internal.runners.statements.InvokeMethod.evaluate(InvokeMethod.java:17)
    [junit] 	at org.junit.rules.TestWatcher$1.evaluate(TestWatcher.java:55)
    [junit] 	at org.junit.rules.RunRules.evaluate(RunRules.java:20)
    [junit] 	at org.junit.runners.ParentRunner.runLeaf(ParentRunner.java:325)
    [junit] 	at org.junit.runners.BlockJUnit4ClassRunner.runChild(BlockJUnit4ClassRunner.java:78)
    [junit] 	at org.junit.runners.BlockJUnit4ClassRunner.runChild(BlockJUnit4ClassRunner.java:57)
    [junit] 	at org.junit.runners.ParentRunner$3.run(ParentRunner.java:290)
    [junit] 	at org.junit.runners.ParentRunner$1.schedule(ParentRunner.java:71)
    [junit] 	at org.junit.runners.ParentRunner.runChildren(ParentRunner.java:288)
    [junit] 	at org.junit.runners.ParentRunner.access$000(ParentRunner.java:58)
    [junit] 	at org.junit.runners.ParentRunner$2.evaluate(ParentRunner.java:268)
    [junit] 	at org.junit.runners.ParentRunner.run(ParentRunner.java:363)
    [junit] 	at junit.framework.JUnit4TestAdapter.run(JUnit4TestAdapter.java:38)
    [junit] 	at org.apache.tools.ant.taskdefs.optional.junit.JUnitTestRunner.run(JUnitTestRunner.java:535)
    [junit] 	at org.apache.tools.ant.taskdefs.optional.junit.JUnitTestRunner.launch(JUnitTestRunner.java:1182)
    [junit] 	at org.apache.tools.ant.taskdefs.optional.junit.JUnitTestRunner.main(JUnitTestRunner.java:1033)
    [junit] java.lang.Error: I found a null entry within the currently occupied portion of the heap, at index 1
    [junit] 	at heaps.validate.MinHeapValidator.checkForGaps(MinHeapValidator.java:113)
    [junit] 	at heaps.validate.MinHeapValidator.check(MinHeapValidator.java:30)
    [junit] 	at heaps.test.TestMinHeap.sortTest(TestMinHeap.java:205)
    [junit] 	at heaps.test.TestMinHeap.testAndPrint(TestMinHeap.java:175)
    [junit] 	at sun.reflect.NativeMethodAccessorImpl.invoke0(Native Method)
    [junit] 	at sun.reflect.NativeMethodAccessorImpl.invoke(NativeMethodAccessorImpl.java:62)
    [junit] 	at sun.reflect.DelegatingMethodAccessorImpl.invoke(DelegatingMethodAccessorImpl.java:43)
    [junit] 	at java.lang.reflect.Method.invoke(Method.java:498)
    [junit] 	at org.junit.runners.model.FrameworkMethod$1.runReflectiveCall(FrameworkMethod.java:50)
    [junit] 	at org.junit.internal.runners.model.ReflectiveCallable.run(ReflectiveCallable.java:12)
    [junit] 	at org.junit.runners.model.FrameworkMethod.invokeExplosively(FrameworkMethod.java:47)
    [junit] 	at org.junit.internal.runners.statements.InvokeMethod.evaluate(InvokeMethod.java:17)
    [junit] 	at org.junit.rules.TestWatcher$1.evaluate(TestWatcher.java:55)
    [junit] 	at org.junit.rules.RunRules.evaluate(RunRules.java:20)
    [junit] 	at org.junit.runners.ParentRunner.runLeaf(ParentRunner.java:325)
    [junit] 	at org.junit.runners.BlockJUnit4ClassRunner.runChild(BlockJUnit4ClassRunner.java:78)
    [junit] 	at org.junit.runners.BlockJUnit4ClassRunner.runChild(BlockJUnit4ClassRunner.java:57)
    [junit] 	at org.junit.runners.ParentRunner$3.run(ParentRunner.java:290)
    [junit] 	at org.junit.runners.ParentRunner$1.schedule(ParentRunner.java:71)
    [junit] 	at org.junit.runners.ParentRunner.runChildren(ParentRunner.java:288)
    [junit] 	at org.junit.runners.ParentRunner.access$000(ParentRunner.java:58)
    [junit] 	at org.junit.runners.ParentRunner$2.evaluate(ParentRunner.java:268)
    [junit] 	at org.junit.runners.ParentRunner.run(ParentRunner.java:363)
    [junit] 	at junit.framework.JUnit4TestAdapter.run(JUnit4TestAdapter.java:38)
    [junit] 	at org.apache.tools.ant.taskdefs.optional.junit.JUnitTestRunner.run(JUnitTestRunner.java:535)
    [junit] 	at org.apache.tools.ant.taskdefs.optional.junit.JUnitTestRunner.launch(JUnitTestRunner.java:1182)
    [junit] 	at org.apache.tools.ant.taskdefs.optional.junit.JUnitTestRunner.main(JUnitTestRunner.java:1033)
    [junit] java.lang.Error: I found a null entry within the currently occupied portion of the heap, at index 1
    [junit] 	at heaps.validate.MinHeapValidator.checkForGaps(MinHeapValidator.java:113)
    [junit] 	at heaps.validate.MinHeapValidator.check(MinHeapValidator.java:30)
    [junit] 	at heaps.test.TestMinHeap.testExtractMin(TestMinHeap.java:76)
    [junit] 	at sun.reflect.NativeMethodAccessorImpl.invoke0(Native Method)
    [junit] 	at sun.reflect.NativeMethodAccessorImpl.invoke(NativeMethodAccessorImpl.java:62)
    [junit] 	at sun.reflect.DelegatingMethodAccessorImpl.invoke(DelegatingMethodAccessorImpl.java:43)
    [junit] 	at java.lang.reflect.Method.invoke(Method.java:498)
    [junit] 	at org.junit.runners.model.FrameworkMethod$1.runReflectiveCall(FrameworkMethod.java:50)
    [junit] 	at org.junit.internal.runners.model.ReflectiveCallable.run(ReflectiveCallable.java:12)
    [junit] 	at org.junit.runners.model.FrameworkMethod.invokeExplosively(FrameworkMethod.java:47)
    [junit] 	at org.junit.internal.runners.statements.InvokeMethod.evaluate(InvokeMethod.java:17)
    [junit] 	at org.junit.rules.TestWatcher$1.evaluate(TestWatcher.java:55)
    [junit] 	at org.junit.rules.RunRules.evaluate(RunRules.java:20)
    [junit] 	at org.junit.runners.ParentRunner.runLeaf(ParentRunner.java:325)
    [junit] 	at org.junit.runners.BlockJUnit4ClassRunner.runChild(BlockJUnit4ClassRunner.java:78)
    [junit] 	at org.junit.runners.BlockJUnit4ClassRunner.runChild(BlockJUnit4ClassRunner.java:57)
    [junit] 	at org.junit.runners.ParentRunner$3.run(ParentRunner.java:290)
    [junit] 	at org.junit.runners.ParentRunner$1.schedule(ParentRunner.java:71)
    [junit] 	at org.junit.runners.ParentRunner.runChildren(ParentRunner.java:288)
    [junit] 	at org.junit.runners.ParentRunner.access$000(ParentRunner.java:58)
    [junit] 	at org.junit.runners.ParentRunner$2.evaluate(ParentRunner.java:268)
    [junit] 	at org.junit.runners.ParentRunner.run(ParentRunner.java:363)
    [junit] 	at junit.framework.JUnit4TestAdapter.run(JUnit4TestAdapter.java:38)
    [junit] 	at org.apache.tools.ant.taskdefs.optional.junit.JUnitTestRunner.run(JUnitTestRunner.java:535)
    [junit] 	at org.apache.tools.ant.taskdefs.optional.junit.JUnitTestRunner.launch(JUnitTestRunner.java:1182)
    [junit] 	at org.apache.tools.ant.taskdefs.optional.junit.JUnitTestRunner.main(JUnitTestRunner.java:1033)
    [junit] java.lang.Error: I found a null entry within the currently occupied portion of the heap, at index 1
    [junit] 	at heaps.validate.MinHeapValidator.checkForGaps(MinHeapValidator.java:113)
    [junit] 	at heaps.validate.MinHeapValidator.check(MinHeapValidator.java:30)
    [junit] 	at heaps.test.TestMinHeap.testLocUpdatedHeapify(TestMinHeap.java:160)
    [junit] 	at sun.reflect.NativeMethodAccessorImpl.invoke0(Native Method)
    [junit] 	at sun.reflect.NativeMethodAccessorImpl.invoke(NativeMethodAccessorImpl.java:62)
    [junit] 	at sun.reflect.DelegatingMethodAccessorImpl.invoke(DelegatingMethodAccessorImpl.java:43)
    [junit] 	at java.lang.reflect.Method.invoke(Method.java:498)
    [junit] 	at org.junit.runners.model.FrameworkMethod$1.runReflectiveCall(FrameworkMethod.java:50)
    [junit] 	at org.junit.internal.runners.model.ReflectiveCallable.run(ReflectiveCallable.java:12)
    [junit] 	at org.junit.runners.model.FrameworkMethod.invokeExplosively(FrameworkMethod.java:47)
    [junit] 	at org.junit.internal.runners.statements.InvokeMethod.evaluate(InvokeMethod.java:17)
    [junit] 	at org.junit.rules.TestWatcher$1.evaluate(TestWatcher.java:55)
    [junit] 	at org.junit.rules.RunRules.evaluate(RunRules.java:20)
    [junit] 	at org.junit.runners.ParentRunner.runLeaf(ParentRunner.java:325)
    [junit] 	at org.junit.runners.BlockJUnit4ClassRunner.runChild(BlockJUnit4ClassRunner.java:78)
    [junit] 	at org.junit.runners.BlockJUnit4ClassRunner.runChild(BlockJUnit4ClassRunner.java:57)
    [junit] 	at org.junit.runners.ParentRunner$3.run(ParentRunner.java:290)
    [junit] 	at org.junit.runners.ParentRunner$1.schedule(ParentRunner.java:71)
    [junit] 	at org.junit.runners.ParentRunner.runChildren(ParentRunner.java:288)
    [junit] 	at org.junit.runners.ParentRunner.access$000(ParentRunner.java:58)
    [junit] 	at org.junit.runners.ParentRunner$2.evaluate(ParentRunner.java:268)
    [junit] 	at org.junit.runners.ParentRunner.run(ParentRunner.java:363)
    [junit] 	at junit.framework.JUnit4TestAdapter.run(JUnit4TestAdapter.java:38)
    [junit] 	at org.apache.tools.ant.taskdefs.optional.junit.JUnitTestRunner.run(JUnitTestRunner.java:535)
    [junit] 	at org.apache.tools.ant.taskdefs.optional.junit.JUnitTestRunner.launch(JUnitTestRunner.java:1182)
    [junit] 	at org.apache.tools.ant.taskdefs.optional.junit.JUnitTestRunner.main(JUnitTestRunner.java:1033)
    [junit] java.lang.Error: I found a null entry within the currently occupied portion of the heap, at index 1
    [junit] 	at heaps.validate.MinHeapValidator.checkForGaps(MinHeapValidator.java:113)
    [junit] 	at heaps.validate.MinHeapValidator.check(MinHeapValidator.java:30)
    [junit] 	at heaps.test.TestMinHeap.testInsert(TestMinHeap.java:61)
    [junit] 	at sun.reflect.NativeMethodAccessorImpl.invoke0(Native Method)
    [junit] 	at sun.reflect.NativeMethodAccessorImpl.invoke(NativeMethodAccessorImpl.java:62)
    [junit] 	at sun.reflect.DelegatingMethodAccessorImpl.invoke(DelegatingMethodAccessorImpl.java:43)
    [junit] 	at java.lang.reflect.Method.invoke(Method.java:498)
    [junit] 	at org.junit.runners.model.FrameworkMethod$1.runReflectiveCall(FrameworkMethod.java:50)
    [junit] 	at org.junit.internal.runners.model.ReflectiveCallable.run(ReflectiveCallable.java:12)
    [junit] 	at org.junit.runners.model.FrameworkMethod.invokeExplosively(FrameworkMethod.java:47)
    [junit] 	at org.junit.internal.runners.statements.InvokeMethod.evaluate(InvokeMethod.java:17)
    [junit] 	at org.junit.rules.TestWatcher$1.evaluate(TestWatcher.java:55)
    [junit] 	at org.junit.rules.RunRules.evaluate(RunRules.java:20)
    [junit] 	at org.junit.runners.ParentRunner.runLeaf(ParentRunner.java:325)
    [junit] 	at org.junit.runners.BlockJUnit4ClassRunner.runChild(BlockJUnit4ClassRunner.java:78)
    [junit] 	at org.junit.runners.BlockJUnit4ClassRunner.runChild(BlockJUnit4ClassRunner.java:57)
    [junit] 	at org.junit.runners.ParentRunner$3.run(ParentRunner.java:290)
    [junit] 	at org.junit.runners.ParentRunner$1.schedule(ParentRunner.java:71)
    [junit] 	at org.junit.runners.ParentRunner.runChildren(ParentRunner.java:288)
    [junit] 	at org.junit.runners.ParentRunner.access$000(ParentRunner.java:58)
    [junit] 	at org.junit.runners.ParentRunner$2.evaluate(ParentRunner.java:268)
    [junit] 	at org.junit.runners.ParentRunner.run(ParentRunner.java:363)
    [junit] 	at junit.framework.JUnit4TestAdapter.run(JUnit4TestAdapter.java:38)
    [junit] 	at org.apache.tools.ant.taskdefs.optional.junit.JUnitTestRunner.run(JUnitTestRunner.java:535)
    [junit] 	at org.apache.tools.ant.taskdefs.optional.junit.JUnitTestRunner.launch(JUnitTestRunner.java:1182)
    [junit] 	at org.apache.tools.ant.taskdefs.optional.junit.JUnitTestRunner.main(JUnitTestRunner.java:1033)
    [junit] java.lang.Error: I found a null entry within the currently occupied portion of the heap, at index 1
    [junit] 	at heaps.validate.MinHeapValidator.checkForGaps(MinHeapValidator.java:113)
    [junit] 	at heaps.validate.MinHeapValidator.check(MinHeapValidator.java:30)
    [junit] 	at heaps.test.TestMinHeap.testLocUpdatedDecrease(TestMinHeap.java:140)
    [junit] 	at sun.reflect.NativeMethodAccessorImpl.invoke0(Native Method)
    [junit] 	at sun.reflect.NativeMethodAccessorImpl.invoke(NativeMethodAccessorImpl.java:62)
    [junit] 	at sun.reflect.DelegatingMethodAccessorImpl.invoke(DelegatingMethodAccessorImpl.java:43)
    [junit] 	at java.lang.reflect.Method.invoke(Method.java:498)
    [junit] 	at org.junit.runners.model.FrameworkMethod$1.runReflectiveCall(FrameworkMethod.java:50)
    [junit] 	at org.junit.internal.runners.model.ReflectiveCallable.run(ReflectiveCallable.java:12)
    [junit] 	at org.junit.runners.model.FrameworkMethod.invokeExplosively(FrameworkMethod.java:47)
    [junit] 	at org.junit.internal.runners.statements.InvokeMethod.evaluate(InvokeMethod.java:17)
    [junit] 	at org.junit.rules.TestWatcher$1.evaluate(TestWatcher.java:55)
    [junit] 	at org.junit.rules.RunRules.evaluate(RunRules.java:20)
    [junit] 	at org.junit.runners.ParentRunner.runLeaf(ParentRunner.java:325)
    [junit] 	at org.junit.runners.BlockJUnit4ClassRunner.runChild(BlockJUnit4ClassRunner.java:78)
    [junit] 	at org.junit.runners.BlockJUnit4ClassRunner.runChild(BlockJUnit4ClassRunner.java:57)
    [junit] 	at org.junit.runners.ParentRunner$3.run(ParentRunner.java:290)
    [junit] 	at org.junit.runners.ParentRunner$1.schedule(ParentRunner.java:71)
    [junit] 	at org.junit.runners.ParentRunner.runChildren(ParentRunner.java:288)
    [junit] 	at org.junit.runners.ParentRunner.access$000(ParentRunner.java:58)
    [junit] 	at org.junit.runners.ParentRunner$2.evaluate(ParentRunner.java:268)
    [junit] 	at org.junit.runners.ParentRunner.run(ParentRunner.java:363)
    [junit] 	at junit.framework.JUnit4TestAdapter.run(JUnit4TestAdapter.java:38)
    [junit] 	at org.apache.tools.ant.taskdefs.optional.junit.JUnitTestRunner.run(JUnitTestRunner.java:535)
    [junit] 	at org.apache.tools.ant.taskdefs.optional.junit.JUnitTestRunner.launch(JUnitTestRunner.java:1182)
    [junit] 	at org.apache.tools.ant.taskdefs.optional.junit.JUnitTestRunner.main(JUnitTestRunner.java:1033)
    [junit] ------------- ---------------- ---------------
    [junit] 
    [junit] Testcase: testViaSorting took 0.007 sec
    [junit] 	Caused an ERROR
    [junit] null
    [junit] Heap Validation Error (detail shown below):
    [junit] java.lang.Error: I found a null entry within the currently occupied portion of the heap, at index 1
    [junit] Tree before the problem occurred:
    [junit] 
    [junit] What went wrong: I found a null entry within the currently occupied portion of the heap, at index 1
    [junit] Tree that triggered this problem:
    [junit]  null
    [junit] 
    [junit] 	at heaps.validate.MinHeapValidator.check(MinHeapValidator.java:43)
    [junit] 	at heaps.test.TestMinHeap.sortTest(TestMinHeap.java:205)
    [junit] 	at heaps.test.TestMinHeap.testViaSorting(TestMinHeap.java:121)
    [junit] 
    [junit] Testcase: testEmptyHeap took 0 sec
    [junit] Testcase: testAndPrint took 0.002 sec
    [junit] 	Caused an ERROR
    [junit] null
    [junit] Heap Validation Error (detail shown below):
    [junit] java.lang.Error: I found a null entry within the currently occupied portion of the heap, at index 1
    [junit] Tree before the problem occurred:
    [junit] 
    [junit] What went wrong: I found a null entry within the currently occupied portion of the heap, at index 1
    [junit] Tree that triggered this problem:
    [junit]  null
    [junit] 
    [junit] 	at heaps.validate.MinHeapValidator.check(MinHeapValidator.java:43)
    [junit] 	at heaps.test.TestMinHeap.sortTest(TestMinHeap.java:205)
    [junit] 	at heaps.test.TestMinHeap.testAndPrint(TestMinHeap.java:175)
    [junit] 
    [junit] Testcase: testExtractMin took 0.001 sec
    [junit] 	Caused an ERROR
    [junit] null
    [junit] Heap Validation Error (detail shown below):
    [junit] java.lang.Error: I found a null entry within the currently occupied portion of the heap, at index 1
    [junit] Tree before the problem occurred:
    [junit] 
    [junit] What went wrong: I found a null entry within the currently occupied portion of the heap, at index 1
    [junit] Tree that triggered this problem:
    [junit]  null
    [junit] 
    [junit] 	at heaps.validate.MinHeapValidator.check(MinHeapValidator.java:43)
    [junit] 	at heaps.test.TestMinHeap.testExtractMin(TestMinHeap.java:76)
    [junit] 
    [junit] Testcase: testLocUpdatedHeapify took 0.002 sec
    [junit] 	Caused an ERROR
    [junit] null
    [junit] Heap Validation Error (detail shown below):
    [junit] java.lang.Error: I found a null entry within the currently occupied portion of the heap, at index 1
    [junit] Tree before the problem occurred:
    [junit] 
    [junit] What went wrong: I found a null entry within the currently occupied portion of the heap, at index 1
    [junit] Tree that triggered this problem:
    [junit]  null
    [junit] 
    [junit] 	at heaps.validate.MinHeapValidator.check(MinHeapValidator.java:43)
    [junit] 	at heaps.test.TestMinHeap.testLocUpdatedHeapify(TestMinHeap.java:160)
    [junit] 
    [junit] Testcase: testInsert took 0.001 sec
    [junit] 	Caused an ERROR
    [junit] null
    [junit] Heap Validation Error (detail shown below):
    [junit] java.lang.Error: I found a null entry within the currently occupied portion of the heap, at index 1
    [junit] Tree before the problem occurred:
    [junit] 
    [junit] What went wrong: I found a null entry within the currently occupied portion of the heap, at index 1
    [junit] Tree that triggered this problem:
    [junit]  null
    [junit] 
    [junit] 	at heaps.validate.MinHeapValidator.check(MinHeapValidator.java:43)
    [junit] 	at heaps.test.TestMinHeap.testInsert(TestMinHeap.java:61)
    [junit] 
    [junit] Testcase: testUsingHeapSort took 0.18 sec
    [junit] 	Caused an ERROR
    [junit] null
    [junit] java.lang.NullPointerException
    [junit] 	at heaps.MinHeap.extractMin(MinHeap.java:113)
    [junit] 	at heaps.HeapSort.run(HeapSort.java:30)
    [junit] 	at heaps.test.TestMinHeap.testUsingHeapSort(TestMinHeap.java:97)
    [junit] 
    [junit] Testcase: testLocUpdatedDecrease took 0.002 sec
    [junit] 	Caused an ERROR
    [junit] null
    [junit] Heap Validation Error (detail shown below):
    [junit] java.lang.Error: I found a null entry within the currently occupied portion of the heap, at index 1
    [junit] Tree before the problem occurred:
    [junit] 
    [junit] What went wrong: I found a null entry within the currently occupied portion of the heap, at index 1
    [junit] Tree that triggered this problem:
    [junit]  null
    [junit] 
    [junit] 	at heaps.validate.MinHeapValidator.check(MinHeapValidator.java:43)
    [junit] 	at heaps.test.TestMinHeap.testLocUpdatedDecrease(TestMinHeap.java:140)
    [junit] 

BUILD FAILED
/Users/tdelanuez/247f17/cse247-support/build.xml:34: Test heaps.test.TestMinHeap failed

Total time: 1 second
================
Lab is not counted -- failed unit tests
================

CSE247 Robot tester ends testing heaps on 2017-10-01 20:36:50 -0500
-------------------
